2025-10-06 11:25:34,326 - INFO - /home/computron/Documents/pythonTools/modules/abstract_ide/src/abstract_ide/consoles/clipitTab/imports/utils.py - pieces = []
strings == []
2025-10-06 11:25:34,335 - INFO - /home/computron/Documents/pythonTools/modules/abstract_ide/src/abstract_ide/consoles/clipitTab/imports/utils.py - pieces = []
strings == []
2025-10-06 11:25:34,336 - INFO - /home/computron/Documents/pythonTools/modules/abstract_ide/src/abstract_ide/consoles/clipitTab/imports/utils.py - pieces = []
strings == []
2025-10-06 11:25:34,336 - INFO - /home/computron/Documents/pythonTools/modules/abstract_ide/src/abstract_ide/consoles/clipitTab/imports/utils.py - pieces = []
strings == []
2025-10-06 11:25:34,337 - INFO - /home/computron/Documents/pythonTools/modules/abstract_ide/src/abstract_ide/consoles/clipitTab/imports/utils.py - pieces = []
strings == []
2025-10-06 11:25:34,337 - INFO - /home/computron/Documents/pythonTools/modules/abstract_ide/src/abstract_ide/consoles/clipitTab/imports/utils.py - pieces = []
strings == []
2025-10-06 11:25:34,337 - INFO - /home/computron/Documents/pythonTools/modules/abstract_ide/src/abstract_ide/consoles/clipitTab/imports/utils.py - pieces = []
strings == []
2025-10-06 11:25:34,337 - INFO - /home/computron/Documents/pythonTools/modules/abstract_ide/src/abstract_ide/consoles/clipitTab/imports/utils.py - pieces = []
strings == []
2025-10-06 11:25:34,337 - INFO - /home/computron/Documents/pythonTools/modules/abstract_ide/src/abstract_ide/consoles/clipitTab/imports/utils.py - pieces = []
strings == []
2025-10-06 14:45:49,396 - INFO - /home/computron/Documents/pythonTools/modules/abstract_ide/src/abstract_ide/consoles/clipitTab/imports/utils.py - pieces = []
strings == []
2025-10-06 14:45:49,396 - INFO - /home/computron/Documents/pythonTools/modules/abstract_ide/src/abstract_ide/consoles/clipitTab/imports/utils.py - pieces = []
strings == []
2025-10-06 14:45:49,396 - INFO - /home/computron/Documents/pythonTools/modules/abstract_ide/src/abstract_ide/consoles/clipitTab/imports/utils.py - pieces = []
strings == []
2025-10-06 14:45:49,397 - INFO - /home/computron/Documents/pythonTools/modules/abstract_ide/src/abstract_ide/consoles/clipitTab/imports/utils.py - pieces = []
strings == []
2025-10-06 14:45:49,397 - INFO - /home/computron/Documents/pythonTools/modules/abstract_ide/src/abstract_ide/consoles/clipitTab/imports/utils.py - pieces = []
strings == []
2025-10-06 14:45:49,397 - INFO - /home/computron/Documents/pythonTools/modules/abstract_ide/src/abstract_ide/consoles/clipitTab/imports/utils.py - pieces = []
strings == []
2025-10-06 14:45:49,397 - INFO - /home/computron/Documents/pythonTools/modules/abstract_ide/src/abstract_ide/consoles/clipitTab/imports/utils.py - pieces = []
strings == []
2025-10-06 14:45:49,397 - INFO - /home/computron/Documents/pythonTools/modules/abstract_ide/src/abstract_ide/consoles/clipitTab/imports/utils.py - pieces = []
strings == []
2025-10-06 14:45:49,397 - INFO - /home/computron/Documents/pythonTools/modules/abstract_ide/src/abstract_ide/consoles/clipitTab/imports/utils.py - pieces = []
strings == []
2025-10-06 14:46:47,036 - INFO - /home/computron/Documents/pythonTools/modules/abstract_ide/src/abstract_ide/consoles/clipitTab/imports/utils.py - pieces = []
strings == ['old']
2025-10-06 14:46:47,037 - INFO - /home/computron/Documents/pythonTools/modules/abstract_ide/src/abstract_ide/consoles/clipitTab/imports/utils.py - pieces = []
strings == ['old']
2025-10-06 14:46:47,037 - INFO - /home/computron/Documents/pythonTools/modules/abstract_ide/src/abstract_ide/consoles/clipitTab/imports/utils.py - pieces = ['old']
strings == ['old']
2025-10-06 14:46:47,037 - INFO - /home/computron/Documents/pythonTools/modules/abstract_ide/src/abstract_ide/consoles/clipitTab/imports/utils.py - pieces = ['old']
strings == ['old']
2025-10-06 14:46:47,037 - INFO - /home/computron/Documents/pythonTools/modules/abstract_ide/src/abstract_ide/consoles/clipitTab/imports/utils.py - pieces = []
strings == ['old']
2025-10-06 14:46:47,037 - INFO - /home/computron/Documents/pythonTools/modules/abstract_ide/src/abstract_ide/consoles/clipitTab/imports/utils.py - pieces = []
strings == ['old']
2025-10-06 14:46:47,037 - INFO - /home/computron/Documents/pythonTools/modules/abstract_ide/src/abstract_ide/consoles/clipitTab/imports/utils.py - pieces = []
strings == ['old']
2025-10-06 14:46:47,037 - INFO - /home/computron/Documents/pythonTools/modules/abstract_ide/src/abstract_ide/consoles/clipitTab/imports/utils.py - pieces = []
strings == ['old']
2025-10-06 14:46:47,037 - INFO - /home/computron/Documents/pythonTools/modules/abstract_ide/src/abstract_ide/consoles/clipitTab/imports/utils.py - pieces = []
strings == ['old']
2025-10-06 19:05:05,560 - INFO - /home/computron/Documents/pythonTools/modules/abstract_ide/src/abstract_ide/consoles/clipitTab/imports/utils.py - pieces = []
strings == []
2025-10-06 19:05:05,560 - INFO - /home/computron/Documents/pythonTools/modules/abstract_ide/src/abstract_ide/consoles/clipitTab/imports/utils.py - pieces = []
strings == []
2025-10-06 19:05:05,560 - INFO - /home/computron/Documents/pythonTools/modules/abstract_ide/src/abstract_ide/consoles/clipitTab/imports/utils.py - pieces = []
strings == []
2025-10-06 19:05:05,560 - INFO - /home/computron/Documents/pythonTools/modules/abstract_ide/src/abstract_ide/consoles/clipitTab/imports/utils.py - pieces = []
strings == []
2025-10-06 19:05:21,674 - INFO - /home/computron/Documents/pythonTools/modules/abstract_ide/src/abstract_ide/consoles/clipitTab/imports/utils.py - pieces = []
strings == []
2025-10-06 19:05:21,674 - INFO - /home/computron/Documents/pythonTools/modules/abstract_ide/src/abstract_ide/consoles/clipitTab/imports/utils.py - pieces = []
strings == []
2025-10-06 19:05:21,674 - INFO - /home/computron/Documents/pythonTools/modules/abstract_ide/src/abstract_ide/consoles/clipitTab/imports/utils.py - pieces = []
strings == []
2025-10-06 19:05:21,674 - INFO - /home/computron/Documents/pythonTools/modules/abstract_ide/src/abstract_ide/consoles/clipitTab/imports/utils.py - pieces = []
strings == []
2025-10-08 09:25:16,754 - INFO - /home/computron/Documents/pythonTools/modules/abstract_ide/src/abstract_ide/consoles/clipitTab/imports/utils.py - pieces = []
strings == []
2025-10-08 09:25:16,754 - INFO - /home/computron/Documents/pythonTools/modules/abstract_ide/src/abstract_ide/consoles/clipitTab/imports/utils.py - pieces = []
strings == []
2025-10-08 09:25:16,754 - INFO - /home/computron/Documents/pythonTools/modules/abstract_ide/src/abstract_ide/consoles/clipitTab/imports/utils.py - pieces = []
strings == []
2025-10-08 09:25:16,755 - INFO - /home/computron/Documents/pythonTools/modules/abstract_ide/src/abstract_ide/consoles/clipitTab/imports/utils.py - pieces = []
strings == []
2025-10-08 09:25:16,755 - INFO - /home/computron/Documents/pythonTools/modules/abstract_ide/src/abstract_ide/consoles/clipitTab/imports/utils.py - pieces = []
strings == []
2025-10-08 09:25:16,755 - INFO - /home/computron/Documents/pythonTools/modules/abstract_ide/src/abstract_ide/consoles/clipitTab/imports/utils.py - pieces = []
strings == []
2025-10-08 09:25:16,755 - INFO - /home/computron/Documents/pythonTools/modules/abstract_ide/src/abstract_ide/consoles/clipitTab/imports/utils.py - pieces = []
strings == []
2025-10-08 09:25:16,755 - INFO - /home/computron/Documents/pythonTools/modules/abstract_ide/src/abstract_ide/consoles/clipitTab/imports/utils.py - pieces = []
strings == []
2025-10-08 09:25:16,755 - INFO - /home/computron/Documents/pythonTools/modules/abstract_ide/src/abstract_ide/consoles/clipitTab/imports/utils.py - pieces = []
strings == []
2025-10-08 09:25:16,755 - INFO - /home/computron/Documents/pythonTools/modules/abstract_ide/src/abstract_ide/consoles/clipitTab/imports/utils.py - pieces = []
strings == []
2025-10-08 09:25:19,407 - INFO - /home/computron/Documents/pythonTools/modules/abstract_ide/src/abstract_ide/consoles/clipitTab/imports/utils.py - [2025-10-08 09:25:19] View Array.
2025-10-08 09:25:20,034 - INFO - /home/computron/Documents/pythonTools/modules/abstract_ide/src/abstract_ide/consoles/clipitTab/imports/utils.py - [2025-10-08 09:25:20] View Print.
2025-10-08 09:25:20,535 - INFO - /home/computron/Documents/pythonTools/modules/abstract_ide/src/abstract_ide/consoles/clipitTab/imports/utils.py - [2025-10-08 09:25:20] View Array.
2025-10-08 09:25:20,950 - INFO - /home/computron/Documents/pythonTools/modules/abstract_ide/src/abstract_ide/consoles/clipitTab/imports/utils.py - [2025-10-08 09:25:20] View Print.
2025-10-12 08:37:56,439 - INFO - /home/computron/Documents/pythonTools/modules/src/modules/abstract_ide/src/abstract_ide/consoles/clipitTab/imports/utils.py - [2025-10-12 08:37:56] View Array.
2025-10-12 08:37:57,510 - INFO - /home/computron/Documents/pythonTools/modules/src/modules/abstract_ide/src/abstract_ide/consoles/clipitTab/imports/utils.py - [2025-10-12 08:37:57] Logs shown.
2025-10-12 08:37:59,126 - INFO - /home/computron/Documents/pythonTools/modules/src/modules/abstract_ide/src/abstract_ide/consoles/clipitTab/imports/utils.py - [2025-10-12 08:37:59] Logs hidden.
2025-10-12 08:37:59,673 - INFO - /home/computron/Documents/pythonTools/modules/src/modules/abstract_ide/src/abstract_ide/consoles/clipitTab/imports/utils.py - [2025-10-12 08:37:59] Logs shown.
2025-10-12 08:38:00,712 - INFO - /home/computron/Documents/pythonTools/modules/src/modules/abstract_ide/src/abstract_ide/consoles/clipitTab/imports/utils.py - [2025-10-12 08:38:00] Logs hidden.
2025-10-12 08:38:06,983 - INFO - /home/computron/Documents/pythonTools/modules/src/modules/abstract_ide/src/abstract_ide/consoles/clipitTab/imports/utils.py - pieces = []
strings == []
2025-10-12 08:38:12,654 - INFO - /home/computron/Documents/pythonTools/modules/src/modules/abstract_ide/src/abstract_ide/consoles/clipitTab/imports/utils.py - [2025-10-12 08:38:12] Logs shown.
2025-10-12 08:38:13,423 - INFO - /home/computron/Documents/pythonTools/modules/src/modules/abstract_ide/src/abstract_ide/consoles/clipitTab/imports/utils.py - [2025-10-12 08:38:13] Logs hidden.
2025-10-12 08:38:13,960 - INFO - /home/computron/Documents/pythonTools/modules/src/modules/abstract_ide/src/abstract_ide/consoles/clipitTab/imports/utils.py - [2025-10-12 08:38:13] View Print.
2025-10-12 08:38:14,883 - INFO - /home/computron/Documents/pythonTools/modules/src/modules/abstract_ide/src/abstract_ide/consoles/clipitTab/imports/utils.py - [2025-10-12 08:38:14] View Array.
2025-10-12 08:38:15,425 - INFO - /home/computron/Documents/pythonTools/modules/src/modules/abstract_ide/src/abstract_ide/consoles/clipitTab/imports/utils.py - [2025-10-12 08:38:15] View Print.
2025-10-12 08:38:16,828 - INFO - /home/computron/Documents/pythonTools/modules/src/modules/abstract_ide/src/abstract_ide/consoles/clipitTab/imports/utils.py - [2025-10-12 08:38:16] View Array.
2025-10-12 08:38:17,399 - INFO - /home/computron/Documents/pythonTools/modules/src/modules/abstract_ide/src/abstract_ide/consoles/clipitTab/imports/utils.py - [2025-10-12 08:38:17] View Print.
2025-10-12 09:14:23,238 - INFO - /home/computron/Documents/pythonTools/modules/src/modules/abstract_ide/src/abstract_ide/consoles/clipitTab/imports/utils.py - [2025-10-12 09:14:23] ✅ Copied RAW bodies to clipboard
2025-10-12 09:14:31,323 - INFO - /home/computron/Documents/pythonTools/modules/src/modules/abstract_ide/src/abstract_ide/consoles/clipitTab/imports/utils.py - pieces = []
strings == []
2025-10-12 09:15:12,685 - INFO - /home/computron/Documents/pythonTools/modules/src/modules/abstract_ide/src/abstract_ide/consoles/clipitTab/imports/utils.py - pieces = []
strings == []
2025-10-12 09:15:12,709 - INFO - /home/computron/Documents/pythonTools/modules/src/modules/abstract_ide/src/abstract_ide/consoles/clipitTab/imports/utils.py - pieces = []
strings == []
2025-10-12 09:15:12,711 - INFO - /home/computron/Documents/pythonTools/modules/src/modules/abstract_ide/src/abstract_ide/consoles/clipitTab/imports/utils.py - pieces = []
strings == []
2025-10-12 09:15:12,734 - INFO - /home/computron/Documents/pythonTools/modules/src/modules/abstract_ide/src/abstract_ide/consoles/clipitTab/imports/utils.py - pieces = []
strings == []
2025-10-12 09:15:12,759 - INFO - /home/computron/Documents/pythonTools/modules/src/modules/abstract_ide/src/abstract_ide/consoles/clipitTab/imports/utils.py - pieces = []
strings == []
2025-10-12 09:15:12,794 - INFO - /home/computron/Documents/pythonTools/modules/src/modules/abstract_ide/src/abstract_ide/consoles/clipitTab/imports/utils.py - pieces = []
strings == []
2025-10-12 09:15:12,825 - INFO - /home/computron/Documents/pythonTools/modules/src/modules/abstract_ide/src/abstract_ide/consoles/clipitTab/imports/utils.py - pieces = []
strings == []
2025-10-12 09:15:12,847 - INFO - /home/computron/Documents/pythonTools/modules/src/modules/abstract_ide/src/abstract_ide/consoles/clipitTab/imports/utils.py - pieces = []
strings == []
2025-10-12 09:15:12,867 - INFO - /home/computron/Documents/pythonTools/modules/src/modules/abstract_ide/src/abstract_ide/consoles/clipitTab/imports/utils.py - pieces = []
strings == []
2025-10-12 09:15:12,878 - INFO - /home/computron/Documents/pythonTools/modules/src/modules/abstract_ide/src/abstract_ide/consoles/clipitTab/imports/utils.py - pieces = []
strings == []
2025-10-12 09:15:12,899 - INFO - /home/computron/Documents/pythonTools/modules/src/modules/abstract_ide/src/abstract_ide/consoles/clipitTab/imports/utils.py - pieces = []
strings == []
2025-10-12 09:15:12,911 - INFO - /home/computron/Documents/pythonTools/modules/src/modules/abstract_ide/src/abstract_ide/consoles/clipitTab/imports/utils.py - pieces = []
strings == []
2025-10-12 09:15:12,913 - INFO - /home/computron/Documents/pythonTools/modules/src/modules/abstract_ide/src/abstract_ide/consoles/clipitTab/imports/utils.py - pieces = []
strings == []
2025-10-12 09:15:12,933 - INFO - /home/computron/Documents/pythonTools/modules/src/modules/abstract_ide/src/abstract_ide/consoles/clipitTab/imports/utils.py - pieces = []
strings == []
2025-10-12 09:15:12,946 - INFO - /home/computron/Documents/pythonTools/modules/src/modules/abstract_ide/src/abstract_ide/consoles/clipitTab/imports/utils.py - pieces = []
strings == []
2025-10-12 09:15:12,958 - INFO - /home/computron/Documents/pythonTools/modules/src/modules/abstract_ide/src/abstract_ide/consoles/clipitTab/imports/utils.py - pieces = []
strings == []
2025-10-12 09:15:12,960 - INFO - /home/computron/Documents/pythonTools/modules/src/modules/abstract_ide/src/abstract_ide/consoles/clipitTab/imports/utils.py - pieces = []
strings == []
2025-10-12 09:15:12,968 - INFO - /home/computron/Documents/pythonTools/modules/src/modules/abstract_ide/src/abstract_ide/consoles/clipitTab/imports/utils.py - pieces = []
strings == []
2025-10-12 09:18:14,460 - INFO - /home/computron/Documents/pythonTools/modules/src/modules/abstract_ide/src/abstract_ide/consoles/clipitTab/imports/utils.py - pieces = []
strings == ['backup']
2025-10-12 09:18:14,479 - INFO - /home/computron/Documents/pythonTools/modules/src/modules/abstract_ide/src/abstract_ide/consoles/clipitTab/imports/utils.py - pieces = []
strings == ['backup']
2025-10-12 09:18:14,493 - INFO - /home/computron/Documents/pythonTools/modules/src/modules/abstract_ide/src/abstract_ide/consoles/clipitTab/imports/utils.py - pieces = []
strings == ['backup']
2025-10-12 09:18:14,494 - INFO - /home/computron/Documents/pythonTools/modules/src/modules/abstract_ide/src/abstract_ide/consoles/clipitTab/imports/utils.py - pieces = ['backup']
strings == ['backup']
2025-10-12 09:18:14,502 - INFO - /home/computron/Documents/pythonTools/modules/src/modules/abstract_ide/src/abstract_ide/consoles/clipitTab/imports/utils.py - pieces = ['backup']
strings == ['backup']
2025-10-12 09:18:14,522 - INFO - /home/computron/Documents/pythonTools/modules/src/modules/abstract_ide/src/abstract_ide/consoles/clipitTab/imports/utils.py - pieces = ['backup']
strings == ['backup']
2025-10-12 09:18:14,541 - INFO - /home/computron/Documents/pythonTools/modules/src/modules/abstract_ide/src/abstract_ide/consoles/clipitTab/imports/utils.py - pieces = ['backup']
strings == ['backup']
2025-10-12 09:18:14,564 - INFO - /home/computron/Documents/pythonTools/modules/src/modules/abstract_ide/src/abstract_ide/consoles/clipitTab/imports/utils.py - pieces = ['backup']
strings == ['backup']
2025-10-12 09:18:14,587 - INFO - /home/computron/Documents/pythonTools/modules/src/modules/abstract_ide/src/abstract_ide/consoles/clipitTab/imports/utils.py - pieces = ['backup']
strings == ['backup']
2025-10-12 09:18:14,609 - INFO - /home/computron/Documents/pythonTools/modules/src/modules/abstract_ide/src/abstract_ide/consoles/clipitTab/imports/utils.py - pieces = ['backup']
strings == ['backup']
2025-10-12 09:18:14,631 - INFO - /home/computron/Documents/pythonTools/modules/src/modules/abstract_ide/src/abstract_ide/consoles/clipitTab/imports/utils.py - pieces = ['backup']
strings == ['backup']
2025-10-12 09:18:14,653 - INFO - /home/computron/Documents/pythonTools/modules/src/modules/abstract_ide/src/abstract_ide/consoles/clipitTab/imports/utils.py - pieces = ['backup']
strings == ['backup']
2025-10-12 09:18:14,676 - INFO - /home/computron/Documents/pythonTools/modules/src/modules/abstract_ide/src/abstract_ide/consoles/clipitTab/imports/utils.py - pieces = ['backup']
strings == ['backup']
2025-10-12 09:18:14,701 - INFO - /home/computron/Documents/pythonTools/modules/src/modules/abstract_ide/src/abstract_ide/consoles/clipitTab/imports/utils.py - pieces = ['backup']
strings == ['backup']
2025-10-12 09:18:14,725 - INFO - /home/computron/Documents/pythonTools/modules/src/modules/abstract_ide/src/abstract_ide/consoles/clipitTab/imports/utils.py - pieces = []
strings == ['backup']
2025-10-12 09:18:14,749 - INFO - /home/computron/Documents/pythonTools/modules/src/modules/abstract_ide/src/abstract_ide/consoles/clipitTab/imports/utils.py - pieces = []
strings == ['backup']
2025-10-12 09:18:14,773 - INFO - /home/computron/Documents/pythonTools/modules/src/modules/abstract_ide/src/abstract_ide/consoles/clipitTab/imports/utils.py - pieces = []
strings == ['backup']
2025-10-12 09:18:14,794 - INFO - /home/computron/Documents/pythonTools/modules/src/modules/abstract_ide/src/abstract_ide/consoles/clipitTab/imports/utils.py - pieces = []
strings == ['backup']
2025-10-12 09:18:15,990 - INFO - /home/computron/Documents/pythonTools/modules/src/modules/abstract_ide/src/abstract_ide/consoles/clipitTab/imports/utils.py - pieces = []
strings == ['backup', 'ext_functions']
2025-10-12 09:18:16,011 - INFO - /home/computron/Documents/pythonTools/modules/src/modules/abstract_ide/src/abstract_ide/consoles/clipitTab/imports/utils.py - pieces = []
strings == ['backup', 'ext_functions']
2025-10-12 09:18:16,032 - INFO - /home/computron/Documents/pythonTools/modules/src/modules/abstract_ide/src/abstract_ide/consoles/clipitTab/imports/utils.py - pieces = []
strings == ['backup', 'ext_functions']
2025-10-12 09:18:16,060 - INFO - /home/computron/Documents/pythonTools/modules/src/modules/abstract_ide/src/abstract_ide/consoles/clipitTab/imports/utils.py - pieces = ['backup']
strings == ['backup', 'ext_functions']
2025-10-12 09:18:16,085 - INFO - /home/computron/Documents/pythonTools/modules/src/modules/abstract_ide/src/abstract_ide/consoles/clipitTab/imports/utils.py - pieces = ['backup']
strings == ['backup', 'ext_functions']
2025-10-12 09:18:16,111 - INFO - /home/computron/Documents/pythonTools/modules/src/modules/abstract_ide/src/abstract_ide/consoles/clipitTab/imports/utils.py - pieces = ['backup']
strings == ['backup', 'ext_functions']
2025-10-12 09:18:16,135 - INFO - /home/computron/Documents/pythonTools/modules/src/modules/abstract_ide/src/abstract_ide/consoles/clipitTab/imports/utils.py - pieces = ['backup']
strings == ['backup', 'ext_functions']
2025-10-12 09:18:16,159 - INFO - /home/computron/Documents/pythonTools/modules/src/modules/abstract_ide/src/abstract_ide/consoles/clipitTab/imports/utils.py - pieces = ['backup']
strings == ['backup', 'ext_functions']
2025-10-12 09:18:16,185 - INFO - /home/computron/Documents/pythonTools/modules/src/modules/abstract_ide/src/abstract_ide/consoles/clipitTab/imports/utils.py - pieces = ['backup']
strings == ['backup', 'ext_functions']
2025-10-12 09:18:16,207 - INFO - /home/computron/Documents/pythonTools/modules/src/modules/abstract_ide/src/abstract_ide/consoles/clipitTab/imports/utils.py - pieces = ['backup']
strings == ['backup', 'ext_functions']
2025-10-12 09:18:16,230 - INFO - /home/computron/Documents/pythonTools/modules/src/modules/abstract_ide/src/abstract_ide/consoles/clipitTab/imports/utils.py - pieces = ['backup']
strings == ['backup', 'ext_functions']
2025-10-12 09:18:16,252 - INFO - /home/computron/Documents/pythonTools/modules/src/modules/abstract_ide/src/abstract_ide/consoles/clipitTab/imports/utils.py - pieces = ['backup']
strings == ['backup', 'ext_functions']
2025-10-12 09:18:16,274 - INFO - /home/computron/Documents/pythonTools/modules/src/modules/abstract_ide/src/abstract_ide/consoles/clipitTab/imports/utils.py - pieces = ['backup', 'ext_functions']
strings == ['backup', 'ext_functions']
2025-10-12 09:18:16,297 - INFO - /home/computron/Documents/pythonTools/modules/src/modules/abstract_ide/src/abstract_ide/consoles/clipitTab/imports/utils.py - pieces = ['backup', 'ext_functions']
strings == ['backup', 'ext_functions']
2025-10-12 09:18:16,321 - INFO - /home/computron/Documents/pythonTools/modules/src/modules/abstract_ide/src/abstract_ide/consoles/clipitTab/imports/utils.py - pieces = []
strings == ['backup', 'ext_functions']
2025-10-12 09:18:16,345 - INFO - /home/computron/Documents/pythonTools/modules/src/modules/abstract_ide/src/abstract_ide/consoles/clipitTab/imports/utils.py - pieces = []
strings == ['backup', 'ext_functions']
2025-10-12 09:18:16,369 - INFO - /home/computron/Documents/pythonTools/modules/src/modules/abstract_ide/src/abstract_ide/consoles/clipitTab/imports/utils.py - pieces = []
strings == ['backup', 'ext_functions']
2025-10-12 09:18:16,392 - INFO - /home/computron/Documents/pythonTools/modules/src/modules/abstract_ide/src/abstract_ide/consoles/clipitTab/imports/utils.py - pieces = []
strings == ['backup', 'ext_functions']
2025-10-12 09:20:03,377 - INFO - /home/computron/Documents/pythonTools/modules/src/modules/abstract_ide/src/abstract_ide/consoles/clipitTab/imports/utils.py - pieces = []
strings == []
2025-10-12 09:20:03,393 - INFO - /home/computron/Documents/pythonTools/modules/src/modules/abstract_ide/src/abstract_ide/consoles/clipitTab/imports/utils.py - pieces = []
strings == []
2025-10-12 09:20:03,412 - INFO - /home/computron/Documents/pythonTools/modules/src/modules/abstract_ide/src/abstract_ide/consoles/clipitTab/imports/utils.py - pieces = []
strings == []
2025-10-12 09:20:03,414 - INFO - /home/computron/Documents/pythonTools/modules/src/modules/abstract_ide/src/abstract_ide/consoles/clipitTab/imports/utils.py - pieces = []
strings == []
2025-10-12 09:20:03,416 - INFO - /home/computron/Documents/pythonTools/modules/src/modules/abstract_ide/src/abstract_ide/consoles/clipitTab/imports/utils.py - pieces = []
strings == []
2025-10-12 09:20:03,436 - INFO - /home/computron/Documents/pythonTools/modules/src/modules/abstract_ide/src/abstract_ide/consoles/clipitTab/imports/utils.py - pieces = []
strings == []
2025-10-12 09:20:03,457 - INFO - /home/computron/Documents/pythonTools/modules/src/modules/abstract_ide/src/abstract_ide/consoles/clipitTab/imports/utils.py - pieces = []
strings == []
2025-10-12 09:20:03,468 - INFO - /home/computron/Documents/pythonTools/modules/src/modules/abstract_ide/src/abstract_ide/consoles/clipitTab/imports/utils.py - pieces = []
strings == []
2025-10-12 09:20:03,471 - INFO - /home/computron/Documents/pythonTools/modules/src/modules/abstract_ide/src/abstract_ide/consoles/clipitTab/imports/utils.py - pieces = []
strings == []
2025-10-12 09:20:03,481 - INFO - /home/computron/Documents/pythonTools/modules/src/modules/abstract_ide/src/abstract_ide/consoles/clipitTab/imports/utils.py - pieces = []
strings == []
2025-10-12 09:20:03,504 - INFO - /home/computron/Documents/pythonTools/modules/src/modules/abstract_ide/src/abstract_ide/consoles/clipitTab/imports/utils.py - pieces = []
strings == []
2025-10-12 09:20:03,529 - INFO - /home/computron/Documents/pythonTools/modules/src/modules/abstract_ide/src/abstract_ide/consoles/clipitTab/imports/utils.py - pieces = []
strings == []
2025-10-12 09:20:03,556 - INFO - /home/computron/Documents/pythonTools/modules/src/modules/abstract_ide/src/abstract_ide/consoles/clipitTab/imports/utils.py - pieces = []
strings == []
2025-10-12 09:20:03,567 - INFO - /home/computron/Documents/pythonTools/modules/src/modules/abstract_ide/src/abstract_ide/consoles/clipitTab/imports/utils.py - pieces = []
strings == []
2025-10-12 09:20:03,581 - INFO - /home/computron/Documents/pythonTools/modules/src/modules/abstract_ide/src/abstract_ide/consoles/clipitTab/imports/utils.py - pieces = []
strings == []
2025-10-12 09:20:03,583 - INFO - /home/computron/Documents/pythonTools/modules/src/modules/abstract_ide/src/abstract_ide/consoles/clipitTab/imports/utils.py - pieces = []
strings == []
2025-10-12 09:20:03,594 - INFO - /home/computron/Documents/pythonTools/modules/src/modules/abstract_ide/src/abstract_ide/consoles/clipitTab/imports/utils.py - pieces = []
strings == []
2025-10-12 09:20:03,607 - INFO - /home/computron/Documents/pythonTools/modules/src/modules/abstract_ide/src/abstract_ide/consoles/clipitTab/imports/utils.py - pieces = []
strings == []
2025-10-12 09:22:03,592 - INFO - /home/computron/Documents/pythonTools/modules/src/modules/abstract_ide/src/abstract_ide/consoles/clipitTab/imports/utils.py - pieces = []
strings == []
2025-10-12 09:22:03,593 - INFO - /home/computron/Documents/pythonTools/modules/src/modules/abstract_ide/src/abstract_ide/consoles/clipitTab/imports/utils.py - pieces = []
strings == []
2025-10-12 09:22:03,613 - INFO - /home/computron/Documents/pythonTools/modules/src/modules/abstract_ide/src/abstract_ide/consoles/clipitTab/imports/utils.py - pieces = []
strings == []
2025-10-12 09:22:03,638 - INFO - /home/computron/Documents/pythonTools/modules/src/modules/abstract_ide/src/abstract_ide/consoles/clipitTab/imports/utils.py - pieces = []
strings == []
2025-10-12 09:22:03,664 - INFO - /home/computron/Documents/pythonTools/modules/src/modules/abstract_ide/src/abstract_ide/consoles/clipitTab/imports/utils.py - pieces = []
strings == []
2025-10-12 09:22:03,676 - INFO - /home/computron/Documents/pythonTools/modules/src/modules/abstract_ide/src/abstract_ide/consoles/clipitTab/imports/utils.py - pieces = []
strings == []
2025-10-12 09:22:03,688 - INFO - /home/computron/Documents/pythonTools/modules/src/modules/abstract_ide/src/abstract_ide/consoles/clipitTab/imports/utils.py - pieces = []
strings == []
2025-10-12 09:22:03,698 - INFO - /home/computron/Documents/pythonTools/modules/src/modules/abstract_ide/src/abstract_ide/consoles/clipitTab/imports/utils.py - pieces = []
strings == []
2025-10-12 09:22:03,713 - INFO - /home/computron/Documents/pythonTools/modules/src/modules/abstract_ide/src/abstract_ide/consoles/clipitTab/imports/utils.py - pieces = []
strings == []
2025-10-12 09:22:03,724 - INFO - /home/computron/Documents/pythonTools/modules/src/modules/abstract_ide/src/abstract_ide/consoles/clipitTab/imports/utils.py - pieces = []
strings == []
2025-10-12 09:22:03,726 - INFO - /home/computron/Documents/pythonTools/modules/src/modules/abstract_ide/src/abstract_ide/consoles/clipitTab/imports/utils.py - pieces = []
strings == []
2025-10-12 09:22:03,744 - INFO - /home/computron/Documents/pythonTools/modules/src/modules/abstract_ide/src/abstract_ide/consoles/clipitTab/imports/utils.py - pieces = []
strings == []
2025-10-12 09:22:03,765 - INFO - /home/computron/Documents/pythonTools/modules/src/modules/abstract_ide/src/abstract_ide/consoles/clipitTab/imports/utils.py - pieces = []
strings == []
2025-10-12 09:22:03,767 - INFO - /home/computron/Documents/pythonTools/modules/src/modules/abstract_ide/src/abstract_ide/consoles/clipitTab/imports/utils.py - pieces = []
strings == []
2025-10-12 09:22:03,775 - INFO - /home/computron/Documents/pythonTools/modules/src/modules/abstract_ide/src/abstract_ide/consoles/clipitTab/imports/utils.py - pieces = []
strings == []
2025-10-12 09:22:03,785 - INFO - /home/computron/Documents/pythonTools/modules/src/modules/abstract_ide/src/abstract_ide/consoles/clipitTab/imports/utils.py - pieces = []
strings == []
2025-10-12 09:22:03,787 - INFO - /home/computron/Documents/pythonTools/modules/src/modules/abstract_ide/src/abstract_ide/consoles/clipitTab/imports/utils.py - pieces = []
strings == []
2025-10-12 09:22:03,796 - INFO - /home/computron/Documents/pythonTools/modules/src/modules/abstract_ide/src/abstract_ide/consoles/clipitTab/imports/utils.py - pieces = []
strings == []
2025-10-12 09:24:30,276 - INFO - /home/computron/Documents/pythonTools/modules/src/modules/abstract_ide/src/abstract_ide/consoles/clipitTab/imports/utils.py - pieces = []
strings == []
2025-10-12 09:24:30,288 - INFO - /home/computron/Documents/pythonTools/modules/src/modules/abstract_ide/src/abstract_ide/consoles/clipitTab/imports/utils.py - pieces = []
strings == []
2025-10-12 09:24:30,309 - INFO - /home/computron/Documents/pythonTools/modules/src/modules/abstract_ide/src/abstract_ide/consoles/clipitTab/imports/utils.py - pieces = []
strings == []
2025-10-12 09:24:30,331 - INFO - /home/computron/Documents/pythonTools/modules/src/modules/abstract_ide/src/abstract_ide/consoles/clipitTab/imports/utils.py - pieces = []
strings == []
2025-10-12 09:24:30,346 - INFO - /home/computron/Documents/pythonTools/modules/src/modules/abstract_ide/src/abstract_ide/consoles/clipitTab/imports/utils.py - pieces = []
strings == []
2025-10-12 09:24:30,369 - INFO - /home/computron/Documents/pythonTools/modules/src/modules/abstract_ide/src/abstract_ide/consoles/clipitTab/imports/utils.py - pieces = []
strings == []
2025-10-12 09:24:30,381 - INFO - /home/computron/Documents/pythonTools/modules/src/modules/abstract_ide/src/abstract_ide/consoles/clipitTab/imports/utils.py - pieces = []
strings == []
2025-10-12 09:24:30,384 - INFO - /home/computron/Documents/pythonTools/modules/src/modules/abstract_ide/src/abstract_ide/consoles/clipitTab/imports/utils.py - pieces = []
strings == []
2025-10-12 09:24:30,395 - INFO - /home/computron/Documents/pythonTools/modules/src/modules/abstract_ide/src/abstract_ide/consoles/clipitTab/imports/utils.py - pieces = []
strings == []
2025-10-12 09:24:30,397 - INFO - /home/computron/Documents/pythonTools/modules/src/modules/abstract_ide/src/abstract_ide/consoles/clipitTab/imports/utils.py - pieces = []
strings == []
2025-10-12 09:24:30,405 - INFO - /home/computron/Documents/pythonTools/modules/src/modules/abstract_ide/src/abstract_ide/consoles/clipitTab/imports/utils.py - pieces = []
strings == []
2025-10-12 09:24:30,426 - INFO - /home/computron/Documents/pythonTools/modules/src/modules/abstract_ide/src/abstract_ide/consoles/clipitTab/imports/utils.py - pieces = []
strings == []
2025-10-12 09:24:30,448 - INFO - /home/computron/Documents/pythonTools/modules/src/modules/abstract_ide/src/abstract_ide/consoles/clipitTab/imports/utils.py - pieces = []
strings == []
2025-10-12 09:24:30,463 - INFO - /home/computron/Documents/pythonTools/modules/src/modules/abstract_ide/src/abstract_ide/consoles/clipitTab/imports/utils.py - pieces = []
strings == []
2025-10-12 09:24:30,476 - INFO - /home/computron/Documents/pythonTools/modules/src/modules/abstract_ide/src/abstract_ide/consoles/clipitTab/imports/utils.py - pieces = []
strings == []
2025-10-12 09:24:30,488 - INFO - /home/computron/Documents/pythonTools/modules/src/modules/abstract_ide/src/abstract_ide/consoles/clipitTab/imports/utils.py - pieces = []
strings == []
2025-10-12 09:24:30,498 - INFO - /home/computron/Documents/pythonTools/modules/src/modules/abstract_ide/src/abstract_ide/consoles/clipitTab/imports/utils.py - pieces = []
strings == []
2025-10-12 09:24:30,525 - INFO - /home/computron/Documents/pythonTools/modules/src/modules/abstract_ide/src/abstract_ide/consoles/clipitTab/imports/utils.py - pieces = []
strings == []
2025-10-12 09:25:11,807 - INFO - /home/computron/Documents/pythonTools/modules/src/modules/abstract_ide/src/abstract_ide/consoles/clipitTab/imports/utils.py - pieces = []
strings == []
2025-10-12 09:25:11,816 - INFO - /home/computron/Documents/pythonTools/modules/src/modules/abstract_ide/src/abstract_ide/consoles/clipitTab/imports/utils.py - pieces = []
strings == []
2025-10-12 09:25:11,845 - INFO - /home/computron/Documents/pythonTools/modules/src/modules/abstract_ide/src/abstract_ide/consoles/clipitTab/imports/utils.py - pieces = []
strings == []
2025-10-12 09:25:11,847 - INFO - /home/computron/Documents/pythonTools/modules/src/modules/abstract_ide/src/abstract_ide/consoles/clipitTab/imports/utils.py - pieces = []
strings == []
2025-10-12 09:25:11,855 - INFO - /home/computron/Documents/pythonTools/modules/src/modules/abstract_ide/src/abstract_ide/consoles/clipitTab/imports/utils.py - pieces = []
strings == []
2025-10-12 09:25:11,874 - INFO - /home/computron/Documents/pythonTools/modules/src/modules/abstract_ide/src/abstract_ide/consoles/clipitTab/imports/utils.py - pieces = []
strings == []
2025-10-12 09:25:11,896 - INFO - /home/computron/Documents/pythonTools/modules/src/modules/abstract_ide/src/abstract_ide/consoles/clipitTab/imports/utils.py - pieces = []
strings == []
2025-10-12 09:25:11,920 - INFO - /home/computron/Documents/pythonTools/modules/src/modules/abstract_ide/src/abstract_ide/consoles/clipitTab/imports/utils.py - pieces = []
strings == []
2025-10-12 09:25:11,933 - INFO - /home/computron/Documents/pythonTools/modules/src/modules/abstract_ide/src/abstract_ide/consoles/clipitTab/imports/utils.py - pieces = []
strings == []
2025-10-12 09:25:11,956 - INFO - /home/computron/Documents/pythonTools/modules/src/modules/abstract_ide/src/abstract_ide/consoles/clipitTab/imports/utils.py - pieces = []
strings == []
2025-10-12 09:25:11,958 - INFO - /home/computron/Documents/pythonTools/modules/src/modules/abstract_ide/src/abstract_ide/consoles/clipitTab/imports/utils.py - pieces = []
strings == []
2025-10-12 09:25:11,968 - INFO - /home/computron/Documents/pythonTools/modules/src/modules/abstract_ide/src/abstract_ide/consoles/clipitTab/imports/utils.py - pieces = []
strings == []
2025-10-12 09:25:11,991 - INFO - /home/computron/Documents/pythonTools/modules/src/modules/abstract_ide/src/abstract_ide/consoles/clipitTab/imports/utils.py - pieces = []
strings == []
2025-10-12 09:25:11,993 - INFO - /home/computron/Documents/pythonTools/modules/src/modules/abstract_ide/src/abstract_ide/consoles/clipitTab/imports/utils.py - pieces = []
strings == []
2025-10-12 09:25:12,015 - INFO - /home/computron/Documents/pythonTools/modules/src/modules/abstract_ide/src/abstract_ide/consoles/clipitTab/imports/utils.py - pieces = []
strings == []
2025-10-12 09:25:12,038 - INFO - /home/computron/Documents/pythonTools/modules/src/modules/abstract_ide/src/abstract_ide/consoles/clipitTab/imports/utils.py - pieces = []
strings == []
2025-10-12 09:25:12,041 - INFO - /home/computron/Documents/pythonTools/modules/src/modules/abstract_ide/src/abstract_ide/consoles/clipitTab/imports/utils.py - pieces = []
strings == []
2025-10-12 09:25:12,043 - INFO - /home/computron/Documents/pythonTools/modules/src/modules/abstract_ide/src/abstract_ide/consoles/clipitTab/imports/utils.py - pieces = []
strings == []
2025-10-12 09:25:45,022 - INFO - /home/computron/Documents/pythonTools/modules/src/modules/abstract_ide/src/abstract_ide/consoles/clipitTab/imports/utils.py - pieces = []
strings == []
2025-10-12 09:25:45,044 - INFO - /home/computron/Documents/pythonTools/modules/src/modules/abstract_ide/src/abstract_ide/consoles/clipitTab/imports/utils.py - pieces = []
strings == []
2025-10-12 09:25:45,066 - INFO - /home/computron/Documents/pythonTools/modules/src/modules/abstract_ide/src/abstract_ide/consoles/clipitTab/imports/utils.py - pieces = []
strings == []
2025-10-12 09:25:45,088 - INFO - /home/computron/Documents/pythonTools/modules/src/modules/abstract_ide/src/abstract_ide/consoles/clipitTab/imports/utils.py - pieces = []
strings == []
2025-10-12 09:25:45,115 - INFO - /home/computron/Documents/pythonTools/modules/src/modules/abstract_ide/src/abstract_ide/consoles/clipitTab/imports/utils.py - pieces = []
strings == []
2025-10-12 09:25:45,118 - INFO - /home/computron/Documents/pythonTools/modules/src/modules/abstract_ide/src/abstract_ide/consoles/clipitTab/imports/utils.py - pieces = []
strings == []
2025-10-12 09:25:45,129 - INFO - /home/computron/Documents/pythonTools/modules/src/modules/abstract_ide/src/abstract_ide/consoles/clipitTab/imports/utils.py - pieces = []
strings == []
2025-10-12 09:25:45,131 - INFO - /home/computron/Documents/pythonTools/modules/src/modules/abstract_ide/src/abstract_ide/consoles/clipitTab/imports/utils.py - pieces = []
strings == []
2025-10-12 09:25:45,145 - INFO - /home/computron/Documents/pythonTools/modules/src/modules/abstract_ide/src/abstract_ide/consoles/clipitTab/imports/utils.py - pieces = []
strings == []
2025-10-12 09:25:45,173 - INFO - /home/computron/Documents/pythonTools/modules/src/modules/abstract_ide/src/abstract_ide/consoles/clipitTab/imports/utils.py - pieces = []
strings == []
2025-10-12 09:25:45,186 - INFO - /home/computron/Documents/pythonTools/modules/src/modules/abstract_ide/src/abstract_ide/consoles/clipitTab/imports/utils.py - pieces = []
strings == []
2025-10-12 09:25:45,194 - INFO - /home/computron/Documents/pythonTools/modules/src/modules/abstract_ide/src/abstract_ide/consoles/clipitTab/imports/utils.py - pieces = []
strings == []
2025-10-12 09:25:45,218 - INFO - /home/computron/Documents/pythonTools/modules/src/modules/abstract_ide/src/abstract_ide/consoles/clipitTab/imports/utils.py - pieces = []
strings == []
2025-10-12 09:25:45,221 - INFO - /home/computron/Documents/pythonTools/modules/src/modules/abstract_ide/src/abstract_ide/consoles/clipitTab/imports/utils.py - pieces = []
strings == []
2025-10-12 09:25:45,232 - INFO - /home/computron/Documents/pythonTools/modules/src/modules/abstract_ide/src/abstract_ide/consoles/clipitTab/imports/utils.py - pieces = []
strings == []
2025-10-12 09:25:45,235 - INFO - /home/computron/Documents/pythonTools/modules/src/modules/abstract_ide/src/abstract_ide/consoles/clipitTab/imports/utils.py - pieces = []
strings == []
2025-10-12 09:25:45,247 - INFO - /home/computron/Documents/pythonTools/modules/src/modules/abstract_ide/src/abstract_ide/consoles/clipitTab/imports/utils.py - pieces = []
strings == []
2025-10-12 09:25:45,264 - INFO - /home/computron/Documents/pythonTools/modules/src/modules/abstract_ide/src/abstract_ide/consoles/clipitTab/imports/utils.py - pieces = []
strings == []
2025-10-12 09:25:45,281 - INFO - /home/computron/Documents/pythonTools/modules/src/modules/abstract_ide/src/abstract_ide/consoles/clipitTab/imports/utils.py - pieces = []
strings == []
2025-10-12 09:25:45,304 - INFO - /home/computron/Documents/pythonTools/modules/src/modules/abstract_ide/src/abstract_ide/consoles/clipitTab/imports/utils.py - pieces = []
strings == []
2025-10-12 09:25:45,315 - INFO - /home/computron/Documents/pythonTools/modules/src/modules/abstract_ide/src/abstract_ide/consoles/clipitTab/imports/utils.py - pieces = []
strings == []
2025-10-12 09:25:45,318 - INFO - /home/computron/Documents/pythonTools/modules/src/modules/abstract_ide/src/abstract_ide/consoles/clipitTab/imports/utils.py - pieces = []
strings == []
2025-10-12 09:25:45,331 - INFO - /home/computron/Documents/pythonTools/modules/src/modules/abstract_ide/src/abstract_ide/consoles/clipitTab/imports/utils.py - pieces = []
strings == []
2025-10-12 09:25:45,356 - INFO - /home/computron/Documents/pythonTools/modules/src/modules/abstract_ide/src/abstract_ide/consoles/clipitTab/imports/utils.py - pieces = []
strings == []
2025-10-12 09:25:45,369 - INFO - /home/computron/Documents/pythonTools/modules/src/modules/abstract_ide/src/abstract_ide/consoles/clipitTab/imports/utils.py - pieces = []
strings == []
2025-10-12 09:25:45,390 - INFO - /home/computron/Documents/pythonTools/modules/src/modules/abstract_ide/src/abstract_ide/consoles/clipitTab/imports/utils.py - pieces = []
strings == []
2025-10-12 09:25:45,413 - INFO - /home/computron/Documents/pythonTools/modules/src/modules/abstract_ide/src/abstract_ide/consoles/clipitTab/imports/utils.py - pieces = []
strings == []
2025-10-12 09:25:45,416 - INFO - /home/computron/Documents/pythonTools/modules/src/modules/abstract_ide/src/abstract_ide/consoles/clipitTab/imports/utils.py - pieces = []
strings == []
2025-10-12 09:25:45,425 - INFO - /home/computron/Documents/pythonTools/modules/src/modules/abstract_ide/src/abstract_ide/consoles/clipitTab/imports/utils.py - pieces = []
strings == []
2025-10-12 09:25:45,446 - INFO - /home/computron/Documents/pythonTools/modules/src/modules/abstract_ide/src/abstract_ide/consoles/clipitTab/imports/utils.py - pieces = []
strings == []
2025-10-12 09:25:45,471 - INFO - /home/computron/Documents/pythonTools/modules/src/modules/abstract_ide/src/abstract_ide/consoles/clipitTab/imports/utils.py - pieces = []
strings == []
2025-10-12 09:25:45,484 - INFO - /home/computron/Documents/pythonTools/modules/src/modules/abstract_ide/src/abstract_ide/consoles/clipitTab/imports/utils.py - pieces = []
strings == []
2025-10-12 09:25:45,499 - INFO - /home/computron/Documents/pythonTools/modules/src/modules/abstract_ide/src/abstract_ide/consoles/clipitTab/imports/utils.py - pieces = []
strings == []
2025-10-12 09:25:45,527 - INFO - /home/computron/Documents/pythonTools/modules/src/modules/abstract_ide/src/abstract_ide/consoles/clipitTab/imports/utils.py - pieces = []
strings == []
2025-10-12 09:25:45,555 - INFO - /home/computron/Documents/pythonTools/modules/src/modules/abstract_ide/src/abstract_ide/consoles/clipitTab/imports/utils.py - pieces = []
strings == []
2025-10-12 09:25:45,583 - INFO - /home/computron/Documents/pythonTools/modules/src/modules/abstract_ide/src/abstract_ide/consoles/clipitTab/imports/utils.py - pieces = []
strings == []
2025-10-12 09:26:46,946 - INFO - /home/computron/Documents/pythonTools/modules/src/modules/abstract_ide/src/abstract_ide/consoles/clipitTab/imports/utils.py - [2025-10-12 09:26:46] View Array.
2025-10-12 09:26:47,573 - INFO - /home/computron/Documents/pythonTools/modules/src/modules/abstract_ide/src/abstract_ide/consoles/clipitTab/imports/utils.py - [2025-10-12 09:26:47] View Print.
2025-10-12 09:26:48,377 - INFO - /home/computron/Documents/pythonTools/modules/src/modules/abstract_ide/src/abstract_ide/consoles/clipitTab/imports/utils.py - [2025-10-12 09:26:48] View Array.
2025-10-12 09:26:49,008 - INFO - /home/computron/Documents/pythonTools/modules/src/modules/abstract_ide/src/abstract_ide/consoles/clipitTab/imports/utils.py - [2025-10-12 09:26:49] View Print.
2025-10-12 09:26:53,927 - INFO - /home/computron/Documents/pythonTools/modules/src/modules/abstract_ide/src/abstract_ide/consoles/clipitTab/imports/utils.py - [2025-10-12 09:26:53] View Array.
2025-10-12 09:26:55,980 - INFO - /home/computron/Documents/pythonTools/modules/src/modules/abstract_ide/src/abstract_ide/consoles/clipitTab/imports/utils.py - [2025-10-12 09:26:55] View Print.
2025-10-12 09:26:56,777 - INFO - /home/computron/Documents/pythonTools/modules/src/modules/abstract_ide/src/abstract_ide/consoles/clipitTab/imports/utils.py - [2025-10-12 09:26:56] View Array.
2025-10-12 10:12:58,187 - INFO - /home/computron/Documents/pythonTools/modules/src/modules/abstract_ide/src/abstract_ide/consoles/clipitTab/imports/utils.py - pieces = []
strings == []
2025-10-12 10:12:58,189 - INFO - /home/computron/Documents/pythonTools/modules/src/modules/abstract_ide/src/abstract_ide/consoles/clipitTab/imports/utils.py - pieces = []
strings == []
2025-10-12 10:12:58,191 - INFO - /home/computron/Documents/pythonTools/modules/src/modules/abstract_ide/src/abstract_ide/consoles/clipitTab/imports/utils.py - pieces = []
strings == []
2025-10-12 10:12:58,193 - INFO - /home/computron/Documents/pythonTools/modules/src/modules/abstract_ide/src/abstract_ide/consoles/clipitTab/imports/utils.py - pieces = []
strings == []
2025-10-12 10:12:58,195 - INFO - /home/computron/Documents/pythonTools/modules/src/modules/abstract_ide/src/abstract_ide/consoles/clipitTab/imports/utils.py - pieces = []
strings == []
2025-10-12 10:12:58,197 - INFO - /home/computron/Documents/pythonTools/modules/src/modules/abstract_ide/src/abstract_ide/consoles/clipitTab/imports/utils.py - pieces = []
strings == []
2025-10-12 10:12:58,199 - INFO - /home/computron/Documents/pythonTools/modules/src/modules/abstract_ide/src/abstract_ide/consoles/clipitTab/imports/utils.py - pieces = []
strings == []
2025-10-12 10:12:58,201 - INFO - /home/computron/Documents/pythonTools/modules/src/modules/abstract_ide/src/abstract_ide/consoles/clipitTab/imports/utils.py - pieces = []
strings == []
2025-10-12 10:12:58,203 - INFO - /home/computron/Documents/pythonTools/modules/src/modules/abstract_ide/src/abstract_ide/consoles/clipitTab/imports/utils.py - pieces = []
strings == []
2025-10-12 10:12:58,205 - INFO - /home/computron/Documents/pythonTools/modules/src/modules/abstract_ide/src/abstract_ide/consoles/clipitTab/imports/utils.py - pieces = []
strings == []
2025-10-12 10:12:58,207 - INFO - /home/computron/Documents/pythonTools/modules/src/modules/abstract_ide/src/abstract_ide/consoles/clipitTab/imports/utils.py - pieces = []
strings == []
2025-10-12 10:12:58,209 - INFO - /home/computron/Documents/pythonTools/modules/src/modules/abstract_ide/src/abstract_ide/consoles/clipitTab/imports/utils.py - pieces = []
strings == []
2025-10-12 10:12:58,211 - INFO - /home/computron/Documents/pythonTools/modules/src/modules/abstract_ide/src/abstract_ide/consoles/clipitTab/imports/utils.py - pieces = []
strings == []
2025-10-12 10:12:58,213 - INFO - /home/computron/Documents/pythonTools/modules/src/modules/abstract_ide/src/abstract_ide/consoles/clipitTab/imports/utils.py - pieces = []
strings == []
2025-10-12 10:12:58,215 - INFO - /home/computron/Documents/pythonTools/modules/src/modules/abstract_ide/src/abstract_ide/consoles/clipitTab/imports/utils.py - pieces = []
strings == []
2025-10-12 10:12:58,217 - INFO - /home/computron/Documents/pythonTools/modules/src/modules/abstract_ide/src/abstract_ide/consoles/clipitTab/imports/utils.py - pieces = []
strings == []
2025-10-12 10:12:58,219 - INFO - /home/computron/Documents/pythonTools/modules/src/modules/abstract_ide/src/abstract_ide/consoles/clipitTab/imports/utils.py - pieces = []
strings == []
2025-10-12 10:12:58,221 - INFO - /home/computron/Documents/pythonTools/modules/src/modules/abstract_ide/src/abstract_ide/consoles/clipitTab/imports/utils.py - pieces = []
strings == []
2025-10-12 10:12:58,223 - INFO - /home/computron/Documents/pythonTools/modules/src/modules/abstract_ide/src/abstract_ide/consoles/clipitTab/imports/utils.py - pieces = []
strings == []
2025-10-12 10:12:58,225 - INFO - /home/computron/Documents/pythonTools/modules/src/modules/abstract_ide/src/abstract_ide/consoles/clipitTab/imports/utils.py - pieces = []
strings == []
2025-10-12 10:12:58,227 - INFO - /home/computron/Documents/pythonTools/modules/src/modules/abstract_ide/src/abstract_ide/consoles/clipitTab/imports/utils.py - pieces = []
strings == []
2025-10-12 10:12:58,229 - INFO - /home/computron/Documents/pythonTools/modules/src/modules/abstract_ide/src/abstract_ide/consoles/clipitTab/imports/utils.py - pieces = []
strings == []
2025-10-12 10:12:58,231 - INFO - /home/computron/Documents/pythonTools/modules/src/modules/abstract_ide/src/abstract_ide/consoles/clipitTab/imports/utils.py - pieces = []
strings == []
2025-10-12 10:12:58,233 - INFO - /home/computron/Documents/pythonTools/modules/src/modules/abstract_ide/src/abstract_ide/consoles/clipitTab/imports/utils.py - pieces = []
strings == []
2025-10-12 10:12:58,235 - INFO - /home/computron/Documents/pythonTools/modules/src/modules/abstract_ide/src/abstract_ide/consoles/clipitTab/imports/utils.py - pieces = []
strings == []
2025-10-12 10:12:58,237 - INFO - /home/computron/Documents/pythonTools/modules/src/modules/abstract_ide/src/abstract_ide/consoles/clipitTab/imports/utils.py - pieces = []
strings == []
2025-10-12 10:12:58,239 - INFO - /home/computron/Documents/pythonTools/modules/src/modules/abstract_ide/src/abstract_ide/consoles/clipitTab/imports/utils.py - pieces = []
strings == []
2025-10-12 10:12:58,241 - INFO - /home/computron/Documents/pythonTools/modules/src/modules/abstract_ide/src/abstract_ide/consoles/clipitTab/imports/utils.py - pieces = []
strings == []
2025-10-12 10:12:58,242 - INFO - /home/computron/Documents/pythonTools/modules/src/modules/abstract_ide/src/abstract_ide/consoles/clipitTab/imports/utils.py - pieces = []
strings == []
2025-10-12 10:12:58,244 - INFO - /home/computron/Documents/pythonTools/modules/src/modules/abstract_ide/src/abstract_ide/consoles/clipitTab/imports/utils.py - pieces = []
strings == []
2025-10-12 10:12:58,246 - INFO - /home/computron/Documents/pythonTools/modules/src/modules/abstract_ide/src/abstract_ide/consoles/clipitTab/imports/utils.py - pieces = []
strings == []
2025-10-12 10:13:02,469 - INFO - /home/computron/Documents/pythonTools/modules/src/modules/abstract_ide/src/abstract_ide/consoles/clipitTab/imports/utils.py - [2025-10-12 10:13:02] View Print.
2025-10-12 10:13:02,753 - INFO - /home/computron/Documents/pythonTools/modules/src/modules/abstract_ide/src/abstract_ide/consoles/clipitTab/imports/utils.py - [2025-10-12 10:13:02] View Array.
2025-10-12 10:13:03,247 - INFO - /home/computron/Documents/pythonTools/modules/src/modules/abstract_ide/src/abstract_ide/consoles/clipitTab/imports/utils.py - [2025-10-12 10:13:03] View Print.
2025-10-12 10:13:28,832 - INFO - /home/computron/Documents/pythonTools/modules/src/modules/abstract_ide/src/abstract_ide/consoles/clipitTab/imports/utils.py - [2025-10-12 10:13:28] View Array.
2025-10-12 10:13:29,326 - INFO - /home/computron/Documents/pythonTools/modules/src/modules/abstract_ide/src/abstract_ide/consoles/clipitTab/imports/utils.py - [2025-10-12 10:13:29] View Print.
2025-10-12 10:18:44,694 - INFO - /home/computron/Documents/pythonTools/modules/src/modules/abstract_ide/src/abstract_ide/consoles/clipitTab/imports/utils.py - [2025-10-12 10:18:44] ✅ Copied RAW bodies to clipboard
2025-10-12 10:18:45,833 - INFO - /home/computron/Documents/pythonTools/modules/src/modules/abstract_ide/src/abstract_ide/consoles/clipitTab/imports/utils.py - [2025-10-12 10:18:45] ✅ Copied RAW bodies to clipboard
2025-10-12 10:18:46,779 - INFO - /home/computron/Documents/pythonTools/modules/src/modules/abstract_ide/src/abstract_ide/consoles/clipitTab/imports/utils.py - [2025-10-12 10:18:46] View Array.
2025-10-12 10:18:47,510 - INFO - /home/computron/Documents/pythonTools/modules/src/modules/abstract_ide/src/abstract_ide/consoles/clipitTab/imports/utils.py - [2025-10-12 10:18:47] View Print.
2025-10-12 10:18:48,085 - INFO - /home/computron/Documents/pythonTools/modules/src/modules/abstract_ide/src/abstract_ide/consoles/clipitTab/imports/utils.py - [2025-10-12 10:18:48] View Array.
2025-10-12 10:18:49,175 - INFO - /home/computron/Documents/pythonTools/modules/src/modules/abstract_ide/src/abstract_ide/consoles/clipitTab/imports/utils.py - [2025-10-12 10:18:49] View Print.
2025-10-12 10:18:49,582 - INFO - /home/computron/Documents/pythonTools/modules/src/modules/abstract_ide/src/abstract_ide/consoles/clipitTab/imports/utils.py - [2025-10-12 10:18:49] View Array.
2025-10-12 10:18:53,735 - INFO - /home/computron/Documents/pythonTools/modules/src/modules/abstract_ide/src/abstract_ide/consoles/clipitTab/imports/utils.py - [2025-10-12 10:18:53] View Print.
2025-10-12 10:19:16,618 - INFO - /home/computron/Documents/pythonTools/modules/src/modules/abstract_ide/src/abstract_ide/consoles/clipitTab/imports/utils.py - [2025-10-12 10:19:16] ✅ Copied RAW bodies to clipboard
2025-10-12 10:19:17,558 - INFO - /home/computron/Documents/pythonTools/modules/src/modules/abstract_ide/src/abstract_ide/consoles/clipitTab/imports/utils.py - [2025-10-12 10:19:17] View Array.
2025-10-12 10:19:19,080 - INFO - /home/computron/Documents/pythonTools/modules/src/modules/abstract_ide/src/abstract_ide/consoles/clipitTab/imports/utils.py - [2025-10-12 10:19:19] ✅ Copied RAW bodies to clipboard
2025-10-12 10:19:19,732 - INFO - /home/computron/Documents/pythonTools/modules/src/modules/abstract_ide/src/abstract_ide/consoles/clipitTab/imports/utils.py - [2025-10-12 10:19:19] View Print.
