2025-09-09 02:47:14,290 - INFO - /home/computron/Documents/pythonTools/modules/abstract_ide/src/abstract_ide/consoles/apiTab/main.py - → GET https://abstractendeavors.com/api/endpoints
2025-09-09 02:47:14,424 - INFO - /home/computron/Documents/pythonTools/modules/abstract_ide/src/abstract_ide/consoles/apiTab/main.py - ✔ GET https://abstractendeavors.com/api/endpoints
2025-09-09 02:53:26,030 - INFO - /home/computron/Documents/pythonTools/modules/abstract_ide/src/abstract_ide/consoles/apiTab/main.py - → GET https://abstractendeavors.com/api/endpoints
2025-09-09 02:53:26,242 - INFO - /home/computron/Documents/pythonTools/modules/abstract_ide/src/abstract_ide/consoles/apiTab/main.py - ✔ GET https://abstractendeavors.com/api/endpoints
2025-09-09 02:55:17,504 - INFO - /home/computron/Documents/pythonTools/modules/abstract_ide/src/abstract_ide/consoles/apiTab/main.py - → GET https://abstractendeavors.com/api/endpoints
2025-09-09 02:55:17,667 - INFO - /home/computron/Documents/pythonTools/modules/abstract_ide/src/abstract_ide/consoles/apiTab/main.py - ✔ GET https://abstractendeavors.com/api/endpoints
2025-09-09 02:56:45,088 - INFO - /home/computron/Documents/pythonTools/modules/abstract_ide/src/abstract_ide/consoles/apiTab/main.py - → GET https://clownworld.biz/api/endpoints
2025-09-09 02:56:45,210 - INFO - /home/computron/Documents/pythonTools/modules/abstract_ide/src/abstract_ide/consoles/apiTab/main.py - ✔ GET https://clownworld.biz/api/endpoints
2025-09-09 02:56:48,938 - INFO - /home/computron/Documents/pythonTools/modules/abstract_ide/src/abstract_ide/consoles/apiTab/main.py - → GET https://thedailydialectics.com/api/endpoints
2025-09-09 02:56:49,072 - INFO - /home/computron/Documents/pythonTools/modules/abstract_ide/src/abstract_ide/consoles/apiTab/main.py - ✔ GET https://thedailydialectics.com/api/endpoints
2025-09-09 02:56:54,573 - INFO - /home/computron/Documents/pythonTools/modules/abstract_ide/src/abstract_ide/consoles/apiTab/main.py - → GET https://typicallyoutliers.com/api/endpoints
2025-09-09 02:56:54,735 - ERROR - /home/computron/Documents/pythonTools/modules/abstract_ide/src/abstract_ide/consoles/apiTab/main.py - ✖ GET https://typicallyoutliers.com/api/endpoints — NetworkError.SslHandshakeFailedError: SSL handshake failed: The host name did not match any of the valid hosts for this certificate
2025-09-09 02:56:58,633 - INFO - /home/computron/Documents/pythonTools/modules/abstract_ide/src/abstract_ide/consoles/apiTab/main.py - → GET https://clownworld.biz/api/endpoints
2025-09-09 02:56:58,671 - INFO - /home/computron/Documents/pythonTools/modules/abstract_ide/src/abstract_ide/consoles/apiTab/main.py - ✔ GET https://clownworld.biz/api/endpoints
2025-09-09 02:59:32,222 - INFO - /home/computron/Documents/pythonTools/modules/abstract_ide/src/abstract_ide/consoles/apiTab/main.py - → GET https://abstractendeavors.com/api/endpoints
2025-09-09 02:59:32,372 - INFO - /home/computron/Documents/pythonTools/modules/abstract_ide/src/abstract_ide/consoles/apiTab/main.py - ✔ GET https://abstractendeavors.com/api/endpoints
2025-09-09 03:05:12,336 - INFO - /home/computron/Documents/pythonTools/modules/abstract_ide/src/abstract_ide/consoles/apiTab/main.py - → GET https://abstractendeavors.com/utils/endpoints
2025-09-09 03:05:12,574 - INFO - /home/computron/Documents/pythonTools/modules/abstract_ide/src/abstract_ide/consoles/apiTab/main.py - ✔ GET https://abstractendeavors.com/utils/endpoints
2025-09-09 03:05:17,616 - INFO - /home/computron/Documents/pythonTools/modules/abstract_ide/src/abstract_ide/consoles/apiTab/main.py - → GET https://abstractendeavors.com/utils/utils/compute_fov_triangle/ | headers={'Content-Type': 'application/json', 'Accept': 'application/json', 'Authorization': 'Bearer'} | params={}
2025-09-09 03:05:17,638 - ERROR - /home/computron/Documents/pythonTools/modules/abstract_ide/src/abstract_ide/consoles/apiTab/main.py - ✖ GET https://abstractendeavors.com/utils/utils/compute_fov_triangle/ — NetworkError.ContentNotFoundError: Error transferring https://abstractendeavors.com/utils/utils/compute_fov_triangle/ - server replied: 
2025-09-09 03:05:29,590 - INFO - /home/computron/Documents/pythonTools/modules/abstract_ide/src/abstract_ide/consoles/apiTab/main.py - → POST https://abstractendeavors.com/utils/utils/compute_fov_triangle/ | headers={'Content-Type': 'application/json', 'Accept': 'application/json', 'Authorization': 'Bearer'} | params={}
2025-09-09 03:05:29,611 - ERROR - /home/computron/Documents/pythonTools/modules/abstract_ide/src/abstract_ide/consoles/apiTab/main.py - ✖ POST https://abstractendeavors.com/utils/utils/compute_fov_triangle/ — NetworkError.ContentOperationNotPermittedError: Error transferring https://abstractendeavors.com/utils/utils/compute_fov_triangle/ - server replied: 
2025-09-09 03:05:51,308 - INFO - /home/computron/Documents/pythonTools/modules/abstract_ide/src/abstract_ide/consoles/apiTab/main.py - → POST https://abstractendeavors.com/utils/utils/compute_fov_triangle/ | headers={'Content-Type': 'application/json', 'Accept': 'application/json'} | params={}
2025-09-09 03:05:51,330 - ERROR - /home/computron/Documents/pythonTools/modules/abstract_ide/src/abstract_ide/consoles/apiTab/main.py - ✖ POST https://abstractendeavors.com/utils/utils/compute_fov_triangle/ — NetworkError.ContentOperationNotPermittedError: Error transferring https://abstractendeavors.com/utils/utils/compute_fov_triangle/ - server replied: 
2025-09-09 03:06:01,085 - INFO - /home/computron/Documents/pythonTools/modules/abstract_ide/src/abstract_ide/consoles/apiTab/main.py - → POST https://abstractendeavors.com/utils/utils/compute_fov_triangle/ | headers={'Content-Type': 'application/json', 'Accept': 'application/json'} | params={'help': ''}
2025-09-09 03:06:01,105 - ERROR - /home/computron/Documents/pythonTools/modules/abstract_ide/src/abstract_ide/consoles/apiTab/main.py - ✖ POST https://abstractendeavors.com/utils/utils/compute_fov_triangle/ — NetworkError.ContentOperationNotPermittedError: Error transferring https://abstractendeavors.com/utils/utils/compute_fov_triangle/ - server replied: 
2025-09-09 03:06:08,959 - INFO - /home/computron/Documents/pythonTools/modules/abstract_ide/src/abstract_ide/consoles/apiTab/main.py - → GET https://abstractendeavors.com/utils/endpoints
2025-09-09 03:06:09,054 - INFO - /home/computron/Documents/pythonTools/modules/abstract_ide/src/abstract_ide/consoles/apiTab/main.py - ✔ GET https://abstractendeavors.com/utils/endpoints
2025-09-09 03:06:10,398 - INFO - /home/computron/Documents/pythonTools/modules/abstract_ide/src/abstract_ide/consoles/apiTab/main.py - → GET https://abstractendeavors.com/utils/endpoints
2025-09-09 03:06:10,423 - INFO - /home/computron/Documents/pythonTools/modules/abstract_ide/src/abstract_ide/consoles/apiTab/main.py - ✔ GET https://abstractendeavors.com/utils/endpoints
2025-09-09 03:06:14,849 - INFO - /home/computron/Documents/pythonTools/modules/abstract_ide/src/abstract_ide/consoles/apiTab/main.py - → POST https://abstractendeavors.com/utils/utils/earth_diameter | headers={'Content-Type': 'application/json', 'Accept': 'application/json'} | params={'help': ''}
2025-09-09 03:06:14,870 - ERROR - /home/computron/Documents/pythonTools/modules/abstract_ide/src/abstract_ide/consoles/apiTab/main.py - ✖ POST https://abstractendeavors.com/utils/utils/earth_diameter — NetworkError.ContentOperationNotPermittedError: Error transferring https://abstractendeavors.com/utils/utils/earth_diameter - server replied: 
2025-09-09 03:06:26,570 - INFO - /home/computron/Documents/pythonTools/modules/abstract_ide/src/abstract_ide/consoles/apiTab/main.py - → POST https://abstractendeavors.com/utils/utils/earth_diameter | headers={'Content-Type': 'application/json'} | params={'help': ''}
2025-09-09 03:06:26,617 - ERROR - /home/computron/Documents/pythonTools/modules/abstract_ide/src/abstract_ide/consoles/apiTab/main.py - ✖ POST https://abstractendeavors.com/utils/utils/earth_diameter — NetworkError.ContentOperationNotPermittedError: Error transferring https://abstractendeavors.com/utils/utils/earth_diameter - server replied: 
2025-09-09 03:06:42,179 - INFO - /home/computron/Documents/pythonTools/modules/abstract_ide/src/abstract_ide/consoles/apiTab/main.py - → POST https://abstractendeavors.com/utils/utils/earth_diameter | headers={'Content-Type': 'application/json'} | params={'help': 'help'}
2025-09-09 03:06:42,192 - ERROR - /home/computron/Documents/pythonTools/modules/abstract_ide/src/abstract_ide/consoles/apiTab/main.py - ✖ POST https://abstractendeavors.com/utils/utils/earth_diameter — NetworkError.ContentOperationNotPermittedError: Error transferring https://abstractendeavors.com/utils/utils/earth_diameter - server replied: 
2025-09-09 03:06:44,363 - INFO - /home/computron/Documents/pythonTools/modules/abstract_ide/src/abstract_ide/consoles/apiTab/main.py - → POST https://abstractendeavors.com/utils/utils/earth_diameter | headers={'Content-Type': 'application/json'} | params={'help': 'help'}
2025-09-09 03:06:44,413 - ERROR - /home/computron/Documents/pythonTools/modules/abstract_ide/src/abstract_ide/consoles/apiTab/main.py - ✖ POST https://abstractendeavors.com/utils/utils/earth_diameter — NetworkError.ContentOperationNotPermittedError: Error transferring https://abstractendeavors.com/utils/utils/earth_diameter - server replied: 
2025-09-09 03:06:46,827 - INFO - /home/computron/Documents/pythonTools/modules/abstract_ide/src/abstract_ide/consoles/apiTab/main.py - → POST https://abstractendeavors.com/utils/utils/earth_circumference/ | headers={'Content-Type': 'application/json'} | params={'help': 'help'}
2025-09-09 03:06:46,909 - ERROR - /home/computron/Documents/pythonTools/modules/abstract_ide/src/abstract_ide/consoles/apiTab/main.py - ✖ POST https://abstractendeavors.com/utils/utils/earth_circumference/ — NetworkError.ContentOperationNotPermittedError: Error transferring https://abstractendeavors.com/utils/utils/earth_circumference/ - server replied: 
2025-09-09 03:06:51,248 - INFO - /home/computron/Documents/pythonTools/modules/abstract_ide/src/abstract_ide/consoles/apiTab/main.py - → POST https://abstractendeavors.com/utils/utils/compute_fov_triangle | headers={'Content-Type': 'application/json'} | params={'help': 'help'}
2025-09-09 03:06:51,266 - ERROR - /home/computron/Documents/pythonTools/modules/abstract_ide/src/abstract_ide/consoles/apiTab/main.py - ✖ POST https://abstractendeavors.com/utils/utils/compute_fov_triangle — NetworkError.ContentOperationNotPermittedError: Error transferring https://abstractendeavors.com/utils/utils/compute_fov_triangle - server replied: 
2025-09-09 03:06:51,420 - INFO - /home/computron/Documents/pythonTools/modules/abstract_ide/src/abstract_ide/consoles/apiTab/main.py - → POST https://abstractendeavors.com/utils/utils/compute_fov_triangle | headers={'Content-Type': 'application/json'} | params={'help': 'help'}
2025-09-09 03:06:51,441 - ERROR - /home/computron/Documents/pythonTools/modules/abstract_ide/src/abstract_ide/consoles/apiTab/main.py - ✖ POST https://abstractendeavors.com/utils/utils/compute_fov_triangle — NetworkError.ContentOperationNotPermittedError: Error transferring https://abstractendeavors.com/utils/utils/compute_fov_triangle - server replied: 
2025-09-09 03:06:53,349 - INFO - /home/computron/Documents/pythonTools/modules/abstract_ide/src/abstract_ide/consoles/apiTab/main.py - → POST https://abstractendeavors.com/utils/utils/compute_fov_triangle | headers={'Content-Type': 'application/json'} | params={'help': 'help'}
2025-09-09 03:06:53,372 - ERROR - /home/computron/Documents/pythonTools/modules/abstract_ide/src/abstract_ide/consoles/apiTab/main.py - ✖ POST https://abstractendeavors.com/utils/utils/compute_fov_triangle — NetworkError.ContentOperationNotPermittedError: Error transferring https://abstractendeavors.com/utils/utils/compute_fov_triangle - server replied: 
2025-09-09 03:06:53,521 - INFO - /home/computron/Documents/pythonTools/modules/abstract_ide/src/abstract_ide/consoles/apiTab/main.py - → POST https://abstractendeavors.com/utils/utils/compute_fov_triangle | headers={'Content-Type': 'application/json'} | params={'help': 'help'}
2025-09-09 03:06:53,542 - ERROR - /home/computron/Documents/pythonTools/modules/abstract_ide/src/abstract_ide/consoles/apiTab/main.py - ✖ POST https://abstractendeavors.com/utils/utils/compute_fov_triangle — NetworkError.ContentOperationNotPermittedError: Error transferring https://abstractendeavors.com/utils/utils/compute_fov_triangle - server replied: 
2025-09-09 03:07:17,433 - INFO - /home/computron/Documents/pythonTools/modules/abstract_ide/src/abstract_ide/consoles/apiTab/main.py - → POST https://abstractendeavors.com/utils/utils/compute_fov_triangle | headers={'Content-Type': 'application/json'} | params={'help': 'help'}
2025-09-09 03:07:17,450 - ERROR - /home/computron/Documents/pythonTools/modules/abstract_ide/src/abstract_ide/consoles/apiTab/main.py - ✖ POST https://abstractendeavors.com/utils/utils/compute_fov_triangle — NetworkError.ContentOperationNotPermittedError: Error transferring https://abstractendeavors.com/utils/utils/compute_fov_triangle - server replied: 
2025-09-09 03:07:21,155 - INFO - /home/computron/Documents/pythonTools/modules/abstract_ide/src/abstract_ide/consoles/apiTab/main.py - → POST https://abstractendeavors.com/utils/utils/compute_fov_triangle | headers={'Content-Type': 'application/json'} | params={'help': 'help'}
2025-09-09 03:07:21,185 - ERROR - /home/computron/Documents/pythonTools/modules/abstract_ide/src/abstract_ide/consoles/apiTab/main.py - ✖ POST https://abstractendeavors.com/utils/utils/compute_fov_triangle — NetworkError.ContentOperationNotPermittedError: Error transferring https://abstractendeavors.com/utils/utils/compute_fov_triangle - server replied: 
2025-09-09 03:07:24,066 - INFO - /home/computron/Documents/pythonTools/modules/abstract_ide/src/abstract_ide/consoles/apiTab/main.py - → POST https://abstractendeavors.com/utils/utils/compute_fov_triangle | headers={'Content-Type': 'application/json'} | params={'help': 'help'}
2025-09-09 03:07:24,111 - ERROR - /home/computron/Documents/pythonTools/modules/abstract_ide/src/abstract_ide/consoles/apiTab/main.py - ✖ POST https://abstractendeavors.com/utils/utils/compute_fov_triangle — NetworkError.ContentOperationNotPermittedError: Error transferring https://abstractendeavors.com/utils/utils/compute_fov_triangle - server replied: 
2025-09-09 03:07:26,872 - INFO - /home/computron/Documents/pythonTools/modules/abstract_ide/src/abstract_ide/consoles/apiTab/main.py - → POST https://abstractendeavors.com/utils/utils/compute_fov_triangle | headers={'Content-Type': 'application/json'} | params={'help': 'help'}
2025-09-09 03:07:26,932 - ERROR - /home/computron/Documents/pythonTools/modules/abstract_ide/src/abstract_ide/consoles/apiTab/main.py - ✖ POST https://abstractendeavors.com/utils/utils/compute_fov_triangle — NetworkError.ContentOperationNotPermittedError: Error transferring https://abstractendeavors.com/utils/utils/compute_fov_triangle - server replied: 
2025-09-09 03:07:27,433 - INFO - /home/computron/Documents/pythonTools/modules/abstract_ide/src/abstract_ide/consoles/apiTab/main.py - → POST https://abstractendeavors.com/utils/utils/compute_fov_triangle | headers={'Content-Type': 'application/json'} | params={'help': 'help'}
2025-09-09 03:07:27,452 - ERROR - /home/computron/Documents/pythonTools/modules/abstract_ide/src/abstract_ide/consoles/apiTab/main.py - ✖ POST https://abstractendeavors.com/utils/utils/compute_fov_triangle — NetworkError.ContentOperationNotPermittedError: Error transferring https://abstractendeavors.com/utils/utils/compute_fov_triangle - server replied: 
2025-09-09 03:07:28,415 - INFO - /home/computron/Documents/pythonTools/modules/abstract_ide/src/abstract_ide/consoles/apiTab/main.py - → POST https://abstractendeavors.com/utils/utils/compute_fov_triangle | headers={'Content-Type': 'application/json'} | params={'help': 'help'}
2025-09-09 03:07:28,472 - ERROR - /home/computron/Documents/pythonTools/modules/abstract_ide/src/abstract_ide/consoles/apiTab/main.py - ✖ POST https://abstractendeavors.com/utils/utils/compute_fov_triangle — NetworkError.ContentOperationNotPermittedError: Error transferring https://abstractendeavors.com/utils/utils/compute_fov_triangle - server replied: 
2025-09-09 03:07:28,893 - INFO - /home/computron/Documents/pythonTools/modules/abstract_ide/src/abstract_ide/consoles/apiTab/main.py - → POST https://abstractendeavors.com/utils/utils/compute_fov_triangle | headers={'Content-Type': 'application/json'} | params={'help': 'help'}
2025-09-09 03:07:28,909 - ERROR - /home/computron/Documents/pythonTools/modules/abstract_ide/src/abstract_ide/consoles/apiTab/main.py - ✖ POST https://abstractendeavors.com/utils/utils/compute_fov_triangle — NetworkError.ContentOperationNotPermittedError: Error transferring https://abstractendeavors.com/utils/utils/compute_fov_triangle - server replied: 
2025-09-09 03:07:29,703 - INFO - /home/computron/Documents/pythonTools/modules/abstract_ide/src/abstract_ide/consoles/apiTab/main.py - → POST https://abstractendeavors.com/utils/utils/compute_fov_triangle | headers={'Content-Type': 'application/json'} | params={'help': 'help'}
2025-09-09 03:07:29,726 - ERROR - /home/computron/Documents/pythonTools/modules/abstract_ide/src/abstract_ide/consoles/apiTab/main.py - ✖ POST https://abstractendeavors.com/utils/utils/compute_fov_triangle — NetworkError.ContentOperationNotPermittedError: Error transferring https://abstractendeavors.com/utils/utils/compute_fov_triangle - server replied: 
2025-09-09 03:08:28,876 - INFO - /home/computron/Documents/pythonTools/modules/abstract_ide/src/abstract_ide/consoles/apiTab/main.py - → GET https://abstractendeavors.com/utils/endpoints
2025-09-09 03:08:28,900 - ERROR - /home/computron/Documents/pythonTools/modules/abstract_ide/src/abstract_ide/consoles/apiTab/main.py - ✖ GET https://abstractendeavors.com/utils/endpoints — NetworkError.ContentNotFoundError: Error transferring https://abstractendeavors.com/utils/endpoints - server replied: 
2025-09-09 03:08:32,845 - INFO - /home/computron/Documents/pythonTools/modules/abstract_ide/src/abstract_ide/consoles/apiTab/main.py - → POST https://abstractendeavors.com/utils/utils/compute_fov_triangle | headers={'Content-Type': 'application/json'} | params={'help': 'help'}
2025-09-09 03:08:32,869 - ERROR - /home/computron/Documents/pythonTools/modules/abstract_ide/src/abstract_ide/consoles/apiTab/main.py - ✖ POST https://abstractendeavors.com/utils/utils/compute_fov_triangle — NetworkError.ContentNotFoundError: Error transferring https://abstractendeavors.com/utils/utils/compute_fov_triangle - server replied: 
2025-09-09 03:09:42,696 - INFO - /home/computron/Documents/pythonTools/modules/abstract_ide/src/abstract_ide/consoles/apiTab/main.py - → POST https://abstractendeavors.com/utils/analyze_visible_surface | headers={'Content-Type': 'application/json'} | params={'help': 'help'}
2025-09-09 03:09:42,761 - ERROR - /home/computron/Documents/pythonTools/modules/abstract_ide/src/abstract_ide/consoles/apiTab/main.py - ✖ POST https://abstractendeavors.com/utils/analyze_visible_surface — NetworkError.InternalServerError: Error transferring https://abstractendeavors.com/utils/analyze_visible_surface - server replied: 
2025-09-09 03:11:10,595 - INFO - /home/computron/Documents/pythonTools/modules/abstract_ide/src/abstract_ide/consoles/apiTab/main.py - → POST https://abstractendeavors.com/utils/analyze_visible_surface | headers={'Content-Type': 'application/json'} | params={'help': 'help'}
2025-09-09 03:11:10,627 - ERROR - /home/computron/Documents/pythonTools/modules/abstract_ide/src/abstract_ide/consoles/apiTab/main.py - ✖ POST https://abstractendeavors.com/utils/analyze_visible_surface — NetworkError.InternalServerError: Error transferring https://abstractendeavors.com/utils/analyze_visible_surface - server replied: 
2025-09-09 03:12:19,364 - INFO - /home/computron/Documents/pythonTools/modules/abstract_ide/src/abstract_ide/consoles/apiTab/main.py - → POST https://abstractendeavors.com/utils/analyze_visible_surface | headers={'Content-Type': 'application/json'} | params={'help': 'help'}
2025-09-09 03:12:19,440 - INFO - /home/computron/Documents/pythonTools/modules/abstract_ide/src/abstract_ide/consoles/apiTab/main.py - ✔ POST https://abstractendeavors.com/utils/analyze_visible_surface
2025-09-09 03:12:20,338 - INFO - /home/computron/Documents/pythonTools/modules/abstract_ide/src/abstract_ide/consoles/apiTab/main.py - → POST https://abstractendeavors.com/utils/analyze_visible_surface | headers={'Content-Type': 'application/json'} | params={'help': 'help'}
2025-09-09 03:12:20,395 - INFO - /home/computron/Documents/pythonTools/modules/abstract_ide/src/abstract_ide/consoles/apiTab/main.py - ✔ POST https://abstractendeavors.com/utils/analyze_visible_surface
2025-09-09 03:12:21,372 - INFO - /home/computron/Documents/pythonTools/modules/abstract_ide/src/abstract_ide/consoles/apiTab/main.py - → POST https://abstractendeavors.com/utils/analyze_visible_surface | headers={'Content-Type': 'application/json'} | params={'help': 'help'}
2025-09-09 03:12:21,447 - INFO - /home/computron/Documents/pythonTools/modules/abstract_ide/src/abstract_ide/consoles/apiTab/main.py - ✔ POST https://abstractendeavors.com/utils/analyze_visible_surface
2025-09-09 03:12:22,482 - INFO - /home/computron/Documents/pythonTools/modules/abstract_ide/src/abstract_ide/consoles/apiTab/main.py - → POST https://abstractendeavors.com/utils/analyze_visible_surface | headers={'Content-Type': 'application/json'} | params={'help': 'help'}
2025-09-09 03:12:22,539 - INFO - /home/computron/Documents/pythonTools/modules/abstract_ide/src/abstract_ide/consoles/apiTab/main.py - ✔ POST https://abstractendeavors.com/utils/analyze_visible_surface
2025-09-09 03:12:23,602 - INFO - /home/computron/Documents/pythonTools/modules/abstract_ide/src/abstract_ide/consoles/apiTab/main.py - → POST https://abstractendeavors.com/utils/analyze_visible_surface | headers={'Content-Type': 'application/json'} | params={'help': 'help'}
2025-09-09 03:12:23,692 - INFO - /home/computron/Documents/pythonTools/modules/abstract_ide/src/abstract_ide/consoles/apiTab/main.py - ✔ POST https://abstractendeavors.com/utils/analyze_visible_surface
2025-09-09 03:12:24,459 - INFO - /home/computron/Documents/pythonTools/modules/abstract_ide/src/abstract_ide/consoles/apiTab/main.py - → POST https://abstractendeavors.com/utils/analyze_visible_surface | headers={'Content-Type': 'application/json'} | params={'help': 'help'}
2025-09-09 03:12:24,545 - INFO - /home/computron/Documents/pythonTools/modules/abstract_ide/src/abstract_ide/consoles/apiTab/main.py - ✔ POST https://abstractendeavors.com/utils/analyze_visible_surface
2025-09-09 03:12:30,433 - INFO - /home/computron/Documents/pythonTools/modules/abstract_ide/src/abstract_ide/consoles/apiTab/main.py - → POST https://abstractendeavors.com/utils/analyze_visible_surface | headers={'Content-Type': 'application/json'} | params={'help': 'help'}
2025-09-09 03:12:30,510 - INFO - /home/computron/Documents/pythonTools/modules/abstract_ide/src/abstract_ide/consoles/apiTab/main.py - ✔ POST https://abstractendeavors.com/utils/analyze_visible_surface
2025-09-09 03:13:44,233 - INFO - /home/computron/Documents/pythonTools/modules/abstract_ide/src/abstract_ide/consoles/apiTab/main.py - → POST https://abstractendeavors.com/utils/compute_fov_triangle/ | headers={'Content-Type': 'application/json'} | params={'help': 'help'}
2025-09-09 03:13:44,288 - INFO - /home/computron/Documents/pythonTools/modules/abstract_ide/src/abstract_ide/consoles/apiTab/main.py - ✔ POST https://abstractendeavors.com/utils/compute_fov_triangle/
2025-09-09 03:13:59,229 - INFO - /home/computron/Documents/pythonTools/modules/abstract_ide/src/abstract_ide/consoles/apiTab/main.py - → POST https://abstractendeavors.com/utils/pi | headers={'Content-Type': 'application/json'} | params={'help': 'help'}
2025-09-09 03:13:59,276 - INFO - /home/computron/Documents/pythonTools/modules/abstract_ide/src/abstract_ide/consoles/apiTab/main.py - ✔ POST https://abstractendeavors.com/utils/pi
2025-09-09 03:14:06,011 - INFO - /home/computron/Documents/pythonTools/modules/abstract_ide/src/abstract_ide/consoles/apiTab/main.py - → POST https://abstractendeavors.com/utils/pi | headers={'Content-Type': 'application/json'} | params={}
2025-09-09 03:14:06,075 - ERROR - /home/computron/Documents/pythonTools/modules/abstract_ide/src/abstract_ide/consoles/apiTab/main.py - ✖ POST https://abstractendeavors.com/utils/pi — NetworkError.InternalServerError: Error transferring https://abstractendeavors.com/utils/pi - server replied: 
2025-09-09 03:17:05,534 - INFO - /home/computron/Documents/pythonTools/modules/abstract_ide/src/abstract_ide/consoles/apiTab/main.py - → POST https://abstractendeavors.com/utils/pi | headers={'Content-Type': 'application/json'} | params={}
2025-09-09 03:17:05,754 - ERROR - /home/computron/Documents/pythonTools/modules/abstract_ide/src/abstract_ide/consoles/apiTab/main.py - ✖ POST https://abstractendeavors.com/utils/pi — NetworkError.InternalServerError: Error transferring https://abstractendeavors.com/utils/pi - server replied: 
2025-09-09 03:17:12,035 - INFO - /home/computron/Documents/pythonTools/modules/abstract_ide/src/abstract_ide/consoles/apiTab/main.py - → POST https://abstractendeavors.com/utils/pi | headers={'Content-Type': 'application/json'} | params={}
2025-09-09 03:17:12,098 - ERROR - /home/computron/Documents/pythonTools/modules/abstract_ide/src/abstract_ide/consoles/apiTab/main.py - ✖ POST https://abstractendeavors.com/utils/pi — NetworkError.InternalServerError: Error transferring https://abstractendeavors.com/utils/pi - server replied: 
2025-09-09 03:17:16,860 - INFO - /home/computron/Documents/pythonTools/modules/abstract_ide/src/abstract_ide/consoles/apiTab/main.py - → POST https://abstractendeavors.com/utils/pi/ | headers={'Content-Type': 'application/json'} | params={}
2025-09-09 03:17:16,998 - ERROR - /home/computron/Documents/pythonTools/modules/abstract_ide/src/abstract_ide/consoles/apiTab/main.py - ✖ POST https://abstractendeavors.com/utils/pi/ — NetworkError.InternalServerError: Error transferring https://abstractendeavors.com/utils/pi/ - server replied: 
2025-09-09 03:17:26,396 - INFO - /home/computron/Documents/pythonTools/modules/abstract_ide/src/abstract_ide/consoles/apiTab/main.py - → POST https://abstractendeavors.com/utils/get_triangle_area | headers={'Content-Type': 'application/json'} | params={}
2025-09-09 03:17:26,433 - ERROR - /home/computron/Documents/pythonTools/modules/abstract_ide/src/abstract_ide/consoles/apiTab/main.py - ✖ POST https://abstractendeavors.com/utils/get_triangle_area — NetworkError.InternalServerError: Error transferring https://abstractendeavors.com/utils/get_triangle_area - server replied: 
2025-09-09 03:17:39,108 - INFO - /home/computron/Documents/pythonTools/modules/abstract_ide/src/abstract_ide/consoles/apiTab/main.py - → GET https://abstractendeavors.com/utils/endpoints
2025-09-09 03:17:39,127 - ERROR - /home/computron/Documents/pythonTools/modules/abstract_ide/src/abstract_ide/consoles/apiTab/main.py - ✖ GET https://abstractendeavors.com/utils/endpoints — NetworkError.ContentNotFoundError: Error transferring https://abstractendeavors.com/utils/endpoints - server replied: 
2025-09-09 03:17:42,733 - INFO - /home/computron/Documents/pythonTools/modules/abstract_ide/src/abstract_ide/consoles/apiTab/main.py - → POST https://abstractendeavors.com/utils/utils/get_triangle_area | headers={'Content-Type': 'application/json'} | params={}
2025-09-09 03:17:42,756 - ERROR - /home/computron/Documents/pythonTools/modules/abstract_ide/src/abstract_ide/consoles/apiTab/main.py - ✖ POST https://abstractendeavors.com/utils/utils/get_triangle_area — NetworkError.ContentNotFoundError: Error transferring https://abstractendeavors.com/utils/utils/get_triangle_area - server replied: 
2025-09-09 03:17:46,132 - INFO - /home/computron/Documents/pythonTools/modules/abstract_ide/src/abstract_ide/consoles/apiTab/main.py - → POST https://abstractendeavors.com/utils/utils/get_triangle_area/ | headers={'Content-Type': 'application/json'} | params={}
2025-09-09 03:17:46,183 - ERROR - /home/computron/Documents/pythonTools/modules/abstract_ide/src/abstract_ide/consoles/apiTab/main.py - ✖ POST https://abstractendeavors.com/utils/utils/get_triangle_area/ — NetworkError.ContentNotFoundError: Error transferring https://abstractendeavors.com/utils/utils/get_triangle_area/ - server replied: 
2025-09-09 03:17:59,183 - INFO - /home/computron/Documents/pythonTools/modules/abstract_ide/src/abstract_ide/consoles/apiTab/main.py - → POST https://abstractendeavors.com/utils/get_triangle_area/ | headers={'Content-Type': 'application/json'} | params={}
2025-09-09 03:17:59,265 - ERROR - /home/computron/Documents/pythonTools/modules/abstract_ide/src/abstract_ide/consoles/apiTab/main.py - ✖ POST https://abstractendeavors.com/utils/get_triangle_area/ — NetworkError.InternalServerError: Error transferring https://abstractendeavors.com/utils/get_triangle_area/ - server replied: 
2025-09-09 03:18:02,250 - INFO - /home/computron/Documents/pythonTools/modules/abstract_ide/src/abstract_ide/consoles/apiTab/main.py - → POST https://abstractendeavors.com/api/utils/get_triangle_area/ | headers={'Content-Type': 'application/json'} | params={}
2025-09-09 03:18:02,289 - ERROR - /home/computron/Documents/pythonTools/modules/abstract_ide/src/abstract_ide/consoles/apiTab/main.py - ✖ POST https://abstractendeavors.com/api/utils/get_triangle_area/ — NetworkError.ContentNotFoundError: Error transferring https://abstractendeavors.com/api/utils/get_triangle_area/ - server replied: 
2025-09-09 03:18:09,602 - INFO - /home/computron/Documents/pythonTools/modules/abstract_ide/src/abstract_ide/consoles/apiTab/main.py - → POST https://abstractendeavors.com/api/utils/visible_surface_angle/ | headers={'Content-Type': 'application/json'} | params={}
2025-09-09 03:18:09,628 - ERROR - /home/computron/Documents/pythonTools/modules/abstract_ide/src/abstract_ide/consoles/apiTab/main.py - ✖ POST https://abstractendeavors.com/api/utils/visible_surface_angle/ — NetworkError.ContentNotFoundError: Error transferring https://abstractendeavors.com/api/utils/visible_surface_angle/ - server replied: 
2025-09-09 03:18:12,020 - INFO - /home/computron/Documents/pythonTools/modules/abstract_ide/src/abstract_ide/consoles/apiTab/main.py - → POST https://abstractendeavors.com/api/utils/visible_area_flat | headers={'Content-Type': 'application/json'} | params={}
2025-09-09 03:18:12,054 - ERROR - /home/computron/Documents/pythonTools/modules/abstract_ide/src/abstract_ide/consoles/apiTab/main.py - ✖ POST https://abstractendeavors.com/api/utils/visible_area_flat — NetworkError.ContentNotFoundError: Error transferring https://abstractendeavors.com/api/utils/visible_area_flat - server replied: 
2025-09-09 03:18:18,052 - INFO - /home/computron/Documents/pythonTools/modules/abstract_ide/src/abstract_ide/consoles/apiTab/main.py - → POST https://abstractendeavors.com/api/utils/visible_area_flat | headers={'Content-Type': 'application/json'} | params={'help': ''}
2025-09-09 03:18:18,090 - ERROR - /home/computron/Documents/pythonTools/modules/abstract_ide/src/abstract_ide/consoles/apiTab/main.py - ✖ POST https://abstractendeavors.com/api/utils/visible_area_flat — NetworkError.ContentNotFoundError: Error transferring https://abstractendeavors.com/api/utils/visible_area_flat - server replied: 
2025-09-09 03:18:24,232 - INFO - /home/computron/Documents/pythonTools/modules/abstract_ide/src/abstract_ide/consoles/apiTab/main.py - → POST https://abstractendeavors.com/api/utils/visible_area_flat | headers={'Content-Type': 'application/json'} | params={'help': 'help'}
2025-09-09 03:18:24,251 - ERROR - /home/computron/Documents/pythonTools/modules/abstract_ide/src/abstract_ide/consoles/apiTab/main.py - ✖ POST https://abstractendeavors.com/api/utils/visible_area_flat — NetworkError.ContentNotFoundError: Error transferring https://abstractendeavors.com/api/utils/visible_area_flat - server replied: 
2025-09-09 03:18:24,534 - INFO - /home/computron/Documents/pythonTools/modules/abstract_ide/src/abstract_ide/consoles/apiTab/main.py - → POST https://abstractendeavors.com/api/utils/visible_area_flat | headers={'Content-Type': 'application/json'} | params={'help': 'help'}
2025-09-09 03:18:24,570 - ERROR - /home/computron/Documents/pythonTools/modules/abstract_ide/src/abstract_ide/consoles/apiTab/main.py - ✖ POST https://abstractendeavors.com/api/utils/visible_area_flat — NetworkError.ContentNotFoundError: Error transferring https://abstractendeavors.com/api/utils/visible_area_flat - server replied: 
2025-09-09 03:18:26,671 - INFO - /home/computron/Documents/pythonTools/modules/abstract_ide/src/abstract_ide/consoles/apiTab/main.py - → POST https://abstractendeavors.com/api/utils/visible_area_flat/ | headers={'Content-Type': 'application/json'} | params={'help': 'help'}
2025-09-09 03:18:26,699 - ERROR - /home/computron/Documents/pythonTools/modules/abstract_ide/src/abstract_ide/consoles/apiTab/main.py - ✖ POST https://abstractendeavors.com/api/utils/visible_area_flat/ — NetworkError.ContentNotFoundError: Error transferring https://abstractendeavors.com/api/utils/visible_area_flat/ - server replied: 
2025-09-09 03:18:31,045 - INFO - /home/computron/Documents/pythonTools/modules/abstract_ide/src/abstract_ide/consoles/apiTab/main.py - → POST https://abstractendeavors.com/api/utils/analyze_visible_surface | headers={'Content-Type': 'application/json'} | params={'help': 'help'}
2025-09-09 03:18:31,067 - ERROR - /home/computron/Documents/pythonTools/modules/abstract_ide/src/abstract_ide/consoles/apiTab/main.py - ✖ POST https://abstractendeavors.com/api/utils/analyze_visible_surface — NetworkError.ContentNotFoundError: Error transferring https://abstractendeavors.com/api/utils/analyze_visible_surface - server replied: 
2025-09-09 03:18:39,544 - INFO - /home/computron/Documents/pythonTools/modules/abstract_ide/src/abstract_ide/consoles/apiTab/main.py - → POST https://abstractendeavors.com/utils/analyze_visible_surface | headers={'Content-Type': 'application/json'} | params={'help': 'help'}
2025-09-09 03:18:39,638 - INFO - /home/computron/Documents/pythonTools/modules/abstract_ide/src/abstract_ide/consoles/apiTab/main.py - ✔ POST https://abstractendeavors.com/utils/analyze_visible_surface
2025-09-09 03:18:45,127 - INFO - /home/computron/Documents/pythonTools/modules/abstract_ide/src/abstract_ide/consoles/apiTab/main.py - → POST https://abstractendeavors.com/utils/analyze_visible_surface | headers={'Content-Type': 'application/json'} | params={}
2025-09-09 03:18:45,212 - ERROR - /home/computron/Documents/pythonTools/modules/abstract_ide/src/abstract_ide/consoles/apiTab/main.py - ✖ POST https://abstractendeavors.com/utils/analyze_visible_surface — NetworkError.InternalServerError: Internal server error
2025-09-09 03:19:03,160 - INFO - /home/computron/Documents/pythonTools/modules/abstract_ide/src/abstract_ide/consoles/apiTab/main.py - → POST https://abstractendeavors.com/utils/pi | headers={'Content-Type': 'application/json'} | params={}
2025-09-09 03:19:03,332 - ERROR - /home/computron/Documents/pythonTools/modules/abstract_ide/src/abstract_ide/consoles/apiTab/main.py - ✖ POST https://abstractendeavors.com/utils/pi — NetworkError.InternalServerError: Error transferring https://abstractendeavors.com/utils/pi - server replied: 
2025-09-09 03:19:05,173 - INFO - /home/computron/Documents/pythonTools/modules/abstract_ide/src/abstract_ide/consoles/apiTab/main.py - → POST https://abstractendeavors.com/utils/pi | headers={'Content-Type': 'application/json'} | params={}
2025-09-09 03:19:05,215 - ERROR - /home/computron/Documents/pythonTools/modules/abstract_ide/src/abstract_ide/consoles/apiTab/main.py - ✖ POST https://abstractendeavors.com/utils/pi — NetworkError.InternalServerError: Error transferring https://abstractendeavors.com/utils/pi - server replied: 
2025-09-09 03:19:22,860 - INFO - /home/computron/Documents/pythonTools/modules/abstract_ide/src/abstract_ide/consoles/apiTab/main.py - → POST https://abstractendeavors.com/utils/pi | headers={'Content-Type': 'application/json'} | params={}
2025-09-09 03:19:22,936 - ERROR - /home/computron/Documents/pythonTools/modules/abstract_ide/src/abstract_ide/consoles/apiTab/main.py - ✖ POST https://abstractendeavors.com/utils/pi — NetworkError.InternalServerError: Error transferring https://abstractendeavors.com/utils/pi - server replied: 
2025-09-09 03:19:39,869 - INFO - /home/computron/Documents/pythonTools/modules/abstract_ide/src/abstract_ide/consoles/apiTab/main.py - → POST https://abstractendeavors.com/utils/pi | headers={'Content-Type': 'application/json'} | params={}
2025-09-09 03:19:39,980 - ERROR - /home/computron/Documents/pythonTools/modules/abstract_ide/src/abstract_ide/consoles/apiTab/main.py - ✖ POST https://abstractendeavors.com/utils/pi — NetworkError.InternalServerError: Error transferring https://abstractendeavors.com/utils/pi - server replied: 
2025-09-09 03:19:44,795 - INFO - /home/computron/Documents/pythonTools/modules/abstract_ide/src/abstract_ide/consoles/apiTab/main.py - → POST https://abstractendeavors.com/utils/pi | headers={} | params={}
2025-09-09 03:19:44,859 - ERROR - /home/computron/Documents/pythonTools/modules/abstract_ide/src/abstract_ide/consoles/apiTab/main.py - ✖ POST https://abstractendeavors.com/utils/pi — NetworkError.InternalServerError: Error transferring https://abstractendeavors.com/utils/pi - server replied: 
2025-09-09 03:19:49,455 - INFO - /home/computron/Documents/pythonTools/modules/abstract_ide/src/abstract_ide/consoles/apiTab/main.py - → POST https://abstractendeavors.com/utils/pi | headers={'Content-Type': 'application/json', 'Accept': 'application/json'} | params={}
2025-09-09 03:19:49,538 - ERROR - /home/computron/Documents/pythonTools/modules/abstract_ide/src/abstract_ide/consoles/apiTab/main.py - ✖ POST https://abstractendeavors.com/utils/pi — NetworkError.InternalServerError: Error transferring https://abstractendeavors.com/utils/pi - server replied: 
2025-09-09 03:19:50,054 - INFO - /home/computron/Documents/pythonTools/modules/abstract_ide/src/abstract_ide/consoles/apiTab/main.py - → POST https://abstractendeavors.com/utils/pi | headers={'Content-Type': 'application/json', 'Accept': 'application/json'} | params={}
2025-09-09 03:19:50,145 - ERROR - /home/computron/Documents/pythonTools/modules/abstract_ide/src/abstract_ide/consoles/apiTab/main.py - ✖ POST https://abstractendeavors.com/utils/pi — NetworkError.InternalServerError: Error transferring https://abstractendeavors.com/utils/pi - server replied: 
2025-09-09 03:19:57,110 - INFO - /home/computron/Documents/pythonTools/modules/abstract_ide/src/abstract_ide/consoles/apiTab/main.py - → POST https://abstractendeavors.com/utils/analyze_visible_surface | headers={'Content-Type': 'application/json', 'Accept': 'application/json'} | params={}
2025-09-09 03:19:57,205 - INFO - /home/computron/Documents/pythonTools/modules/abstract_ide/src/abstract_ide/consoles/apiTab/main.py - ✔ POST https://abstractendeavors.com/utils/analyze_visible_surface
2025-09-09 03:20:06,800 - INFO - /home/computron/Documents/pythonTools/modules/abstract_ide/src/abstract_ide/consoles/apiTab/main.py - → POST https://abstractendeavors.com/utils/compute_fov_triangle | headers={'Content-Type': 'application/json', 'Accept': 'application/json'} | params={}
2025-09-09 03:20:06,891 - ERROR - /home/computron/Documents/pythonTools/modules/abstract_ide/src/abstract_ide/consoles/apiTab/main.py - ✖ POST https://abstractendeavors.com/utils/compute_fov_triangle — NetworkError.InternalServerError: Error transferring https://abstractendeavors.com/utils/compute_fov_triangle - server replied: 
2025-09-09 03:20:09,088 - INFO - /home/computron/Documents/pythonTools/modules/abstract_ide/src/abstract_ide/consoles/apiTab/main.py - → POST https://abstractendeavors.com/utils/analyze_visible_surface/ | headers={'Content-Type': 'application/json', 'Accept': 'application/json'} | params={}
2025-09-09 03:20:09,183 - INFO - /home/computron/Documents/pythonTools/modules/abstract_ide/src/abstract_ide/consoles/apiTab/main.py - ✔ POST https://abstractendeavors.com/utils/analyze_visible_surface/
2025-09-09 03:20:12,396 - INFO - /home/computron/Documents/pythonTools/modules/abstract_ide/src/abstract_ide/consoles/apiTab/main.py - → POST https://abstractendeavors.com/utils/convert | headers={'Content-Type': 'application/json', 'Accept': 'application/json'} | params={}
2025-09-09 03:20:12,478 - ERROR - /home/computron/Documents/pythonTools/modules/abstract_ide/src/abstract_ide/consoles/apiTab/main.py - ✖ POST https://abstractendeavors.com/utils/convert — NetworkError.InternalServerError: Error transferring https://abstractendeavors.com/utils/convert - server replied: 
2025-09-09 03:23:45,021 - INFO - /home/computron/Documents/pythonTools/modules/abstract_ide/src/abstract_ide/consoles/apiTab/main.py - → GET https://abstractendeavors.com/utils/endpoints
2025-09-09 03:23:45,162 - ERROR - /home/computron/Documents/pythonTools/modules/abstract_ide/src/abstract_ide/consoles/apiTab/main.py - ✖ GET https://abstractendeavors.com/utils/endpoints — NetworkError.ContentNotFoundError: Error transferring https://abstractendeavors.com/utils/endpoints - server replied: 
2025-09-09 03:23:49,990 - INFO - /home/computron/Documents/pythonTools/modules/abstract_ide/src/abstract_ide/consoles/apiTab/main.py - → GET https://abstractendeavors.com/utils/endpoints
2025-09-09 03:23:50,025 - ERROR - /home/computron/Documents/pythonTools/modules/abstract_ide/src/abstract_ide/consoles/apiTab/main.py - ✖ GET https://abstractendeavors.com/utils/endpoints — NetworkError.ContentNotFoundError: Error transferring https://abstractendeavors.com/utils/endpoints - server replied: 
2025-09-09 03:23:56,712 - INFO - /home/computron/Documents/pythonTools/modules/abstract_ide/src/abstract_ide/consoles/apiTab/main.py - → Detecting prefix from ['https://abstractendeavors.com/config', 'https://abstractendeavors.com/__config', 'https://abstractendeavors.com/_meta']
2025-09-09 03:23:56,785 - INFO - /home/computron/Documents/pythonTools/modules/abstract_ide/src/abstract_ide/consoles/apiTab/main.py - ✔ GET https://abstractendeavors.com/config
2025-09-09 03:23:56,830 - INFO - /home/computron/Documents/pythonTools/modules/abstract_ide/src/abstract_ide/consoles/apiTab/main.py - ✔ GET https://abstractendeavors.com/__config
2025-09-09 03:23:56,867 - INFO - /home/computron/Documents/pythonTools/modules/abstract_ide/src/abstract_ide/consoles/apiTab/main.py - ✔ GET https://abstractendeavors.com/_meta
2025-09-09 03:23:56,881 - WARNING - /home/computron/Documents/pythonTools/modules/abstract_ide/src/abstract_ide/consoles/apiTab/main.py - ⚠ No prefix detected; using /api
2025-09-09 03:23:58,404 - INFO - /home/computron/Documents/pythonTools/modules/abstract_ide/src/abstract_ide/consoles/apiTab/main.py - → GET https://abstractendeavors.com/api/endpoints
2025-09-09 03:23:58,432 - INFO - /home/computron/Documents/pythonTools/modules/abstract_ide/src/abstract_ide/consoles/apiTab/main.py - ✔ GET https://abstractendeavors.com/api/endpoints
2025-09-09 03:24:03,677 - INFO - /home/computron/Documents/pythonTools/modules/abstract_ide/src/abstract_ide/consoles/apiTab/main.py - → GET https://abstractendeavors.com/utils/endpoints
2025-09-09 03:24:03,701 - ERROR - /home/computron/Documents/pythonTools/modules/abstract_ide/src/abstract_ide/consoles/apiTab/main.py - ✖ GET https://abstractendeavors.com/utils/endpoints — NetworkError.ContentNotFoundError: Error transferring https://abstractendeavors.com/utils/endpoints - server replied: 
2025-09-09 03:24:11,777 - INFO - /home/computron/Documents/pythonTools/modules/abstract_ide/src/abstract_ide/consoles/apiTab/main.py - → GET https://abstractendeavors.com/utils/endpoints
2025-09-09 03:24:11,800 - ERROR - /home/computron/Documents/pythonTools/modules/abstract_ide/src/abstract_ide/consoles/apiTab/main.py - ✖ GET https://abstractendeavors.com/utils/endpoints — NetworkError.ContentNotFoundError: Error transferring https://abstractendeavors.com/utils/endpoints - server replied: 
2025-09-09 03:24:19,705 - INFO - /home/computron/Documents/pythonTools/modules/abstract_ide/src/abstract_ide/consoles/apiTab/main.py - → GET https://abstractendeavors.com/utils/endpoints
2025-09-09 03:24:19,750 - ERROR - /home/computron/Documents/pythonTools/modules/abstract_ide/src/abstract_ide/consoles/apiTab/main.py - ✖ GET https://abstractendeavors.com/utils/endpoints — NetworkError.ContentNotFoundError: Error transferring https://abstractendeavors.com/utils/endpoints - server replied: 
2025-09-09 03:24:21,292 - INFO - /home/computron/Documents/pythonTools/modules/abstract_ide/src/abstract_ide/consoles/apiTab/main.py - → GET https://abstractendeavors.com/utils/endpoints
2025-09-09 03:24:21,316 - ERROR - /home/computron/Documents/pythonTools/modules/abstract_ide/src/abstract_ide/consoles/apiTab/main.py - ✖ GET https://abstractendeavors.com/utils/endpoints — NetworkError.ContentNotFoundError: Error transferring https://abstractendeavors.com/utils/endpoints - server replied: 
2025-09-09 03:24:39,384 - INFO - /home/computron/Documents/pythonTools/modules/abstract_ide/src/abstract_ide/consoles/apiTab/main.py - → GET https://abstractendeavors.com/utils/endpoints
2025-09-09 03:24:39,568 - ERROR - /home/computron/Documents/pythonTools/modules/abstract_ide/src/abstract_ide/consoles/apiTab/main.py - ✖ GET https://abstractendeavors.com/utils/endpoints — NetworkError.ContentNotFoundError: Error transferring https://abstractendeavors.com/utils/endpoints - server replied: 
2025-09-09 03:24:47,158 - INFO - /home/computron/Documents/pythonTools/modules/abstract_ide/src/abstract_ide/consoles/apiTab/main.py - → GET https://abstractendeavors.com/utils/endpoints
2025-09-09 03:24:47,228 - ERROR - /home/computron/Documents/pythonTools/modules/abstract_ide/src/abstract_ide/consoles/apiTab/main.py - ✖ GET https://abstractendeavors.com/utils/endpoints — NetworkError.ContentNotFoundError: Error transferring https://abstractendeavors.com/utils/endpoints - server replied: 
2025-09-09 03:25:48,377 - INFO - /home/computron/Documents/pythonTools/modules/abstract_ide/src/abstract_ide/consoles/apiTab/main.py - → GET https://abstractendeavors.com/utils/endpoints
2025-09-09 03:25:48,423 - ERROR - /home/computron/Documents/pythonTools/modules/abstract_ide/src/abstract_ide/consoles/apiTab/main.py - ✖ GET https://abstractendeavors.com/utils/endpoints — NetworkError.ContentNotFoundError: Error transferring https://abstractendeavors.com/utils/endpoints - server replied: 
2025-09-09 03:25:56,619 - INFO - /home/computron/Documents/pythonTools/modules/abstract_ide/src/abstract_ide/consoles/apiTab/main.py - → GET https://abstractendeavors.com/api/endpoints
2025-09-09 03:25:56,760 - INFO - /home/computron/Documents/pythonTools/modules/abstract_ide/src/abstract_ide/consoles/apiTab/main.py - ✔ GET https://abstractendeavors.com/api/endpoints
2025-09-09 03:26:01,594 - INFO - /home/computron/Documents/pythonTools/modules/abstract_ide/src/abstract_ide/consoles/apiTab/main.py - → GET https://abstractendeavors.com/utils/endpoints
2025-09-09 03:26:01,615 - ERROR - /home/computron/Documents/pythonTools/modules/abstract_ide/src/abstract_ide/consoles/apiTab/main.py - ✖ GET https://abstractendeavors.com/utils/endpoints — NetworkError.ContentNotFoundError: Error transferring https://abstractendeavors.com/utils/endpoints - server replied: 
2025-09-09 03:26:18,739 - INFO - /home/computron/Documents/pythonTools/modules/abstract_ide/src/abstract_ide/consoles/apiTab/main.py - → GET https://abstractendeavors.com/utils/endpoints
2025-09-09 03:26:18,769 - ERROR - /home/computron/Documents/pythonTools/modules/abstract_ide/src/abstract_ide/consoles/apiTab/main.py - ✖ GET https://abstractendeavors.com/utils/endpoints — NetworkError.ContentNotFoundError: Error transferring https://abstractendeavors.com/utils/endpoints - server replied: 
2025-09-09 03:26:19,524 - INFO - /home/computron/Documents/pythonTools/modules/abstract_ide/src/abstract_ide/consoles/apiTab/main.py - → GET https://abstractendeavors.com/utils/endpoints
2025-09-09 03:26:19,545 - ERROR - /home/computron/Documents/pythonTools/modules/abstract_ide/src/abstract_ide/consoles/apiTab/main.py - ✖ GET https://abstractendeavors.com/utils/endpoints — NetworkError.ContentNotFoundError: Error transferring https://abstractendeavors.com/utils/endpoints - server replied: 
2025-09-09 03:28:12,810 - INFO - /home/computron/Documents/pythonTools/modules/abstract_ide/src/abstract_ide/consoles/apiTab/main.py - → GET https://abstractendeavors.com/utils/endpoints
2025-09-09 03:28:13,008 - ERROR - /home/computron/Documents/pythonTools/modules/abstract_ide/src/abstract_ide/consoles/apiTab/main.py - ✖ GET https://abstractendeavors.com/utils/endpoints — NetworkError.ContentNotFoundError: Error transferring https://abstractendeavors.com/utils/endpoints - server replied: 
2025-09-09 03:28:37,165 - INFO - /home/computron/Documents/pythonTools/modules/abstract_ide/src/abstract_ide/consoles/apiTab/main.py - → GET https://abstractendeavors.com/api/endpoints
2025-09-09 03:28:37,320 - INFO - /home/computron/Documents/pythonTools/modules/abstract_ide/src/abstract_ide/consoles/apiTab/main.py - ✔ GET https://abstractendeavors.com/api/endpoints
2025-09-09 03:28:43,789 - INFO - /home/computron/Documents/pythonTools/modules/abstract_ide/src/abstract_ide/consoles/apiTab/main.py - → GET https://abstractendeavors.com/utils/endpoints
2025-09-09 03:28:43,831 - ERROR - /home/computron/Documents/pythonTools/modules/abstract_ide/src/abstract_ide/consoles/apiTab/main.py - ✖ GET https://abstractendeavors.com/utils/endpoints — NetworkError.ContentNotFoundError: Error transferring https://abstractendeavors.com/utils/endpoints - server replied: 
2025-09-09 03:28:53,900 - INFO - /home/computron/Documents/pythonTools/modules/abstract_ide/src/abstract_ide/consoles/apiTab/main.py - → GET https://abstractendeavors.com/utils/endpoints
2025-09-09 03:28:53,932 - ERROR - /home/computron/Documents/pythonTools/modules/abstract_ide/src/abstract_ide/consoles/apiTab/main.py - ✖ GET https://abstractendeavors.com/utils/endpoints — NetworkError.ContentNotFoundError: Error transferring https://abstractendeavors.com/utils/endpoints - server replied: 
2025-09-09 03:28:58,205 - INFO - /home/computron/Documents/pythonTools/modules/abstract_ide/src/abstract_ide/consoles/apiTab/main.py - → GET https://abstractendeavors.com/utils/endpoints
2025-09-09 03:28:58,271 - ERROR - /home/computron/Documents/pythonTools/modules/abstract_ide/src/abstract_ide/consoles/apiTab/main.py - ✖ GET https://abstractendeavors.com/utils/endpoints — NetworkError.ContentNotFoundError: Error transferring https://abstractendeavors.com/utils/endpoints - server replied: 
2025-09-09 03:29:11,153 - INFO - /home/computron/Documents/pythonTools/modules/abstract_ide/src/abstract_ide/consoles/apiTab/main.py - → GET https://abstractendeavors.com/api/endpoints
2025-09-09 03:29:11,279 - INFO - /home/computron/Documents/pythonTools/modules/abstract_ide/src/abstract_ide/consoles/apiTab/main.py - ✔ GET https://abstractendeavors.com/api/endpoints
2025-09-09 03:29:18,197 - INFO - /home/computron/Documents/pythonTools/modules/abstract_ide/src/abstract_ide/consoles/apiTab/main.py - → GET https://abstractendeavors.com/utils/endpoints
2025-09-09 03:29:18,211 - ERROR - /home/computron/Documents/pythonTools/modules/abstract_ide/src/abstract_ide/consoles/apiTab/main.py - ✖ GET https://abstractendeavors.com/utils/endpoints — NetworkError.ContentNotFoundError: Error transferring https://abstractendeavors.com/utils/endpoints - server replied: 
2025-09-09 03:30:07,626 - INFO - /home/computron/Documents/pythonTools/modules/abstract_ide/src/abstract_ide/consoles/apiTab/main.py - → GET https://abstractendeavors.com/api/endpoints
2025-09-09 03:30:07,773 - INFO - /home/computron/Documents/pythonTools/modules/abstract_ide/src/abstract_ide/consoles/apiTab/main.py - ✔ GET https://abstractendeavors.com/api/endpoints
2025-09-09 03:31:29,412 - INFO - /home/computron/Documents/pythonTools/modules/abstract_ide/src/abstract_ide/consoles/apiTab/main.py - → GET https://abstractendeavors.com/api/endpoints
2025-09-09 03:31:29,568 - INFO - /home/computron/Documents/pythonTools/modules/abstract_ide/src/abstract_ide/consoles/apiTab/main.py - ✔ GET https://abstractendeavors.com/api/endpoints
2025-09-09 03:31:33,264 - INFO - /home/computron/Documents/pythonTools/modules/abstract_ide/src/abstract_ide/consoles/apiTab/main.py - → GET https://abstractendeavors.com/api/api/<path:filename>?help=1 (prefill help)
2025-09-09 03:31:33,295 - ERROR - /home/computron/Documents/pythonTools/modules/abstract_ide/src/abstract_ide/consoles/apiTab/main.py - ✖ GET https://abstractendeavors.com/api/api/<path:filename>?help=1 — NetworkError.ContentNotFoundError: Error transferring https://abstractendeavors.com/api/api/%3Cpath:filename%3E?help=1 - server replied: 
2025-09-09 03:31:35,754 - INFO - /home/computron/Documents/pythonTools/modules/abstract_ide/src/abstract_ide/consoles/apiTab/main.py - → GET https://abstractendeavors.com/api/endpoints
2025-09-09 03:31:35,792 - INFO - /home/computron/Documents/pythonTools/modules/abstract_ide/src/abstract_ide/consoles/apiTab/main.py - ✔ GET https://abstractendeavors.com/api/endpoints
2025-09-09 03:31:36,662 - INFO - /home/computron/Documents/pythonTools/modules/abstract_ide/src/abstract_ide/consoles/apiTab/main.py - → GET https://abstractendeavors.com/api/endpoints
2025-09-09 03:31:36,722 - INFO - /home/computron/Documents/pythonTools/modules/abstract_ide/src/abstract_ide/consoles/apiTab/main.py - ✔ GET https://abstractendeavors.com/api/endpoints
2025-09-09 03:31:39,038 - INFO - /home/computron/Documents/pythonTools/modules/abstract_ide/src/abstract_ide/consoles/apiTab/main.py - → Detecting prefix from ['https://abstractendeavors.com/config', 'https://abstractendeavors.com/__config', 'https://abstractendeavors.com/_meta']
2025-09-09 03:31:39,069 - INFO - /home/computron/Documents/pythonTools/modules/abstract_ide/src/abstract_ide/consoles/apiTab/main.py - ✔ GET https://abstractendeavors.com/config
2025-09-09 03:31:39,110 - INFO - /home/computron/Documents/pythonTools/modules/abstract_ide/src/abstract_ide/consoles/apiTab/main.py - ✔ GET https://abstractendeavors.com/__config
2025-09-09 03:31:39,142 - INFO - /home/computron/Documents/pythonTools/modules/abstract_ide/src/abstract_ide/consoles/apiTab/main.py - ✔ GET https://abstractendeavors.com/_meta
2025-09-09 03:31:39,158 - WARNING - /home/computron/Documents/pythonTools/modules/abstract_ide/src/abstract_ide/consoles/apiTab/main.py - ⚠ No prefix detected; using /api
2025-09-09 03:31:48,173 - INFO - /home/computron/Documents/pythonTools/modules/abstract_ide/src/abstract_ide/consoles/apiTab/main.py - → GET https://abstractendeavors.com/utils/endpoints
2025-09-09 03:31:48,199 - ERROR - /home/computron/Documents/pythonTools/modules/abstract_ide/src/abstract_ide/consoles/apiTab/main.py - ✖ GET https://abstractendeavors.com/utils/endpoints — NetworkError.ContentNotFoundError: Error transferring https://abstractendeavors.com/utils/endpoints - server replied: 
2025-09-09 03:31:52,988 - INFO - /home/computron/Documents/pythonTools/modules/abstract_ide/src/abstract_ide/consoles/apiTab/main.py - → POST https://abstractendeavors.com/utils/api/<path:filename> | headers={'Content-Type': 'application/json', 'Accept': 'application/json', 'Authorization': 'Bearer'} | params={}
2025-09-09 03:31:53,036 - ERROR - /home/computron/Documents/pythonTools/modules/abstract_ide/src/abstract_ide/consoles/apiTab/main.py - ✖ POST https://abstractendeavors.com/utils/api/<path:filename> — NetworkError.ContentNotFoundError: Error transferring https://abstractendeavors.com/utils/api/%3Cpath:filename%3E - server replied: 
2025-09-09 03:32:03,411 - INFO - /home/computron/Documents/pythonTools/modules/abstract_ide/src/abstract_ide/consoles/apiTab/main.py - → GET https://abstractendeavors.com/utils/endpoints
2025-09-09 03:32:03,429 - ERROR - /home/computron/Documents/pythonTools/modules/abstract_ide/src/abstract_ide/consoles/apiTab/main.py - ✖ GET https://abstractendeavors.com/utils/endpoints — NetworkError.ContentNotFoundError: Error transferring https://abstractendeavors.com/utils/endpoints - server replied: 
2025-09-09 03:32:05,186 - INFO - /home/computron/Documents/pythonTools/modules/abstract_ide/src/abstract_ide/consoles/apiTab/main.py - → GET https://abstractendeavors.com/utils/endpoints
2025-09-09 03:32:05,199 - ERROR - /home/computron/Documents/pythonTools/modules/abstract_ide/src/abstract_ide/consoles/apiTab/main.py - ✖ GET https://abstractendeavors.com/utils/endpoints — NetworkError.ContentNotFoundError: Error transferring https://abstractendeavors.com/utils/endpoints - server replied: 
2025-09-09 03:32:05,944 - INFO - /home/computron/Documents/pythonTools/modules/abstract_ide/src/abstract_ide/consoles/apiTab/main.py - → GET https://abstractendeavors.com/utils/endpoints
2025-09-09 03:32:05,957 - ERROR - /home/computron/Documents/pythonTools/modules/abstract_ide/src/abstract_ide/consoles/apiTab/main.py - ✖ GET https://abstractendeavors.com/utils/endpoints — NetworkError.ContentNotFoundError: Error transferring https://abstractendeavors.com/utils/endpoints - server replied: 
2025-09-09 03:32:06,464 - INFO - /home/computron/Documents/pythonTools/modules/abstract_ide/src/abstract_ide/consoles/apiTab/main.py - → GET https://abstractendeavors.com/utils/endpoints
2025-09-09 03:32:06,483 - ERROR - /home/computron/Documents/pythonTools/modules/abstract_ide/src/abstract_ide/consoles/apiTab/main.py - ✖ GET https://abstractendeavors.com/utils/endpoints — NetworkError.ContentNotFoundError: Error transferring https://abstractendeavors.com/utils/endpoints - server replied: 
2025-09-09 03:32:06,812 - INFO - /home/computron/Documents/pythonTools/modules/abstract_ide/src/abstract_ide/consoles/apiTab/main.py - → GET https://abstractendeavors.com/utils/endpoints
2025-09-09 03:32:06,833 - ERROR - /home/computron/Documents/pythonTools/modules/abstract_ide/src/abstract_ide/consoles/apiTab/main.py - ✖ GET https://abstractendeavors.com/utils/endpoints — NetworkError.ContentNotFoundError: Error transferring https://abstractendeavors.com/utils/endpoints - server replied: 
2025-09-09 03:32:07,251 - INFO - /home/computron/Documents/pythonTools/modules/abstract_ide/src/abstract_ide/consoles/apiTab/main.py - → GET https://abstractendeavors.com/utils/endpoints
2025-09-09 03:32:07,271 - ERROR - /home/computron/Documents/pythonTools/modules/abstract_ide/src/abstract_ide/consoles/apiTab/main.py - ✖ GET https://abstractendeavors.com/utils/endpoints — NetworkError.ContentNotFoundError: Error transferring https://abstractendeavors.com/utils/endpoints - server replied: 
2025-09-09 03:32:07,592 - INFO - /home/computron/Documents/pythonTools/modules/abstract_ide/src/abstract_ide/consoles/apiTab/main.py - → GET https://abstractendeavors.com/utils/endpoints
2025-09-09 03:32:07,612 - ERROR - /home/computron/Documents/pythonTools/modules/abstract_ide/src/abstract_ide/consoles/apiTab/main.py - ✖ GET https://abstractendeavors.com/utils/endpoints — NetworkError.ContentNotFoundError: Error transferring https://abstractendeavors.com/utils/endpoints - server replied: 
2025-09-09 03:32:07,850 - INFO - /home/computron/Documents/pythonTools/modules/abstract_ide/src/abstract_ide/consoles/apiTab/main.py - → GET https://abstractendeavors.com/utils/endpoints
2025-09-09 03:32:07,870 - ERROR - /home/computron/Documents/pythonTools/modules/abstract_ide/src/abstract_ide/consoles/apiTab/main.py - ✖ GET https://abstractendeavors.com/utils/endpoints — NetworkError.ContentNotFoundError: Error transferring https://abstractendeavors.com/utils/endpoints - server replied: 
2025-09-09 03:32:08,046 - INFO - /home/computron/Documents/pythonTools/modules/abstract_ide/src/abstract_ide/consoles/apiTab/main.py - → GET https://abstractendeavors.com/utils/endpoints
2025-09-09 03:32:08,091 - ERROR - /home/computron/Documents/pythonTools/modules/abstract_ide/src/abstract_ide/consoles/apiTab/main.py - ✖ GET https://abstractendeavors.com/utils/endpoints — NetworkError.ContentNotFoundError: Error transferring https://abstractendeavors.com/utils/endpoints - server replied: 
2025-09-09 03:32:08,215 - INFO - /home/computron/Documents/pythonTools/modules/abstract_ide/src/abstract_ide/consoles/apiTab/main.py - → GET https://abstractendeavors.com/utils/endpoints
2025-09-09 03:32:08,239 - ERROR - /home/computron/Documents/pythonTools/modules/abstract_ide/src/abstract_ide/consoles/apiTab/main.py - ✖ GET https://abstractendeavors.com/utils/endpoints — NetworkError.ContentNotFoundError: Error transferring https://abstractendeavors.com/utils/endpoints - server replied: 
2025-09-09 03:32:08,445 - INFO - /home/computron/Documents/pythonTools/modules/abstract_ide/src/abstract_ide/consoles/apiTab/main.py - → GET https://abstractendeavors.com/utils/endpoints
2025-09-09 03:32:08,465 - ERROR - /home/computron/Documents/pythonTools/modules/abstract_ide/src/abstract_ide/consoles/apiTab/main.py - ✖ GET https://abstractendeavors.com/utils/endpoints — NetworkError.ContentNotFoundError: Error transferring https://abstractendeavors.com/utils/endpoints - server replied: 
2025-09-09 03:32:08,773 - INFO - /home/computron/Documents/pythonTools/modules/abstract_ide/src/abstract_ide/consoles/apiTab/main.py - → GET https://abstractendeavors.com/utils/endpoints
2025-09-09 03:32:08,795 - ERROR - /home/computron/Documents/pythonTools/modules/abstract_ide/src/abstract_ide/consoles/apiTab/main.py - ✖ GET https://abstractendeavors.com/utils/endpoints — NetworkError.ContentNotFoundError: Error transferring https://abstractendeavors.com/utils/endpoints - server replied: 
2025-09-09 03:32:08,950 - INFO - /home/computron/Documents/pythonTools/modules/abstract_ide/src/abstract_ide/consoles/apiTab/main.py - → GET https://abstractendeavors.com/utils/endpoints
2025-09-09 03:32:08,972 - ERROR - /home/computron/Documents/pythonTools/modules/abstract_ide/src/abstract_ide/consoles/apiTab/main.py - ✖ GET https://abstractendeavors.com/utils/endpoints — NetworkError.ContentNotFoundError: Error transferring https://abstractendeavors.com/utils/endpoints - server replied: 
2025-09-09 03:32:09,107 - INFO - /home/computron/Documents/pythonTools/modules/abstract_ide/src/abstract_ide/consoles/apiTab/main.py - → GET https://abstractendeavors.com/utils/endpoints
2025-09-09 03:32:09,126 - ERROR - /home/computron/Documents/pythonTools/modules/abstract_ide/src/abstract_ide/consoles/apiTab/main.py - ✖ GET https://abstractendeavors.com/utils/endpoints — NetworkError.ContentNotFoundError: Error transferring https://abstractendeavors.com/utils/endpoints - server replied: 
2025-09-09 03:32:09,236 - INFO - /home/computron/Documents/pythonTools/modules/abstract_ide/src/abstract_ide/consoles/apiTab/main.py - → GET https://abstractendeavors.com/utils/endpoints
2025-09-09 03:32:09,262 - ERROR - /home/computron/Documents/pythonTools/modules/abstract_ide/src/abstract_ide/consoles/apiTab/main.py - ✖ GET https://abstractendeavors.com/utils/endpoints — NetworkError.ContentNotFoundError: Error transferring https://abstractendeavors.com/utils/endpoints - server replied: 
2025-09-09 03:32:13,695 - INFO - /home/computron/Documents/pythonTools/modules/abstract_ide/src/abstract_ide/consoles/apiTab/main.py - → GET https://abstractendeavors.com/api/endpoints
2025-09-09 03:32:13,720 - INFO - /home/computron/Documents/pythonTools/modules/abstract_ide/src/abstract_ide/consoles/apiTab/main.py - ✔ GET https://abstractendeavors.com/api/endpoints
2025-09-09 03:32:14,743 - INFO - /home/computron/Documents/pythonTools/modules/abstract_ide/src/abstract_ide/consoles/apiTab/main.py - → GET https://abstractendeavors.com/api/endpoints
2025-09-09 03:32:14,774 - INFO - /home/computron/Documents/pythonTools/modules/abstract_ide/src/abstract_ide/consoles/apiTab/main.py - ✔ GET https://abstractendeavors.com/api/endpoints
2025-09-09 03:32:16,938 - INFO - /home/computron/Documents/pythonTools/modules/abstract_ide/src/abstract_ide/consoles/apiTab/main.py - → Detecting prefix from ['https://abstractendeavors.com/config', 'https://abstractendeavors.com/__config', 'https://abstractendeavors.com/_meta']
2025-09-09 03:32:16,987 - INFO - /home/computron/Documents/pythonTools/modules/abstract_ide/src/abstract_ide/consoles/apiTab/main.py - ✔ GET https://abstractendeavors.com/config
2025-09-09 03:32:17,008 - INFO - /home/computron/Documents/pythonTools/modules/abstract_ide/src/abstract_ide/consoles/apiTab/main.py - ✔ GET https://abstractendeavors.com/__config
2025-09-09 03:32:17,027 - INFO - /home/computron/Documents/pythonTools/modules/abstract_ide/src/abstract_ide/consoles/apiTab/main.py - ✔ GET https://abstractendeavors.com/_meta
2025-09-09 03:32:17,049 - WARNING - /home/computron/Documents/pythonTools/modules/abstract_ide/src/abstract_ide/consoles/apiTab/main.py - ⚠ No prefix detected; using /api
2025-09-09 03:32:22,202 - INFO - /home/computron/Documents/pythonTools/modules/abstract_ide/src/abstract_ide/consoles/apiTab/main.py - → GET https://abstractendeavors.com/api/endpoints
2025-09-09 03:32:22,228 - ERROR - /home/computron/Documents/pythonTools/modules/abstract_ide/src/abstract_ide/consoles/apiTab/main.py - ✖ GET https://abstractendeavors.com/api/endpoints — NetworkError.InternalServerError: Error transferring https://abstractendeavors.com/api/endpoints - server replied: 
2025-09-09 03:32:31,875 - INFO - /home/computron/Documents/pythonTools/modules/abstract_ide/src/abstract_ide/consoles/apiTab/main.py - → GET https://abstractendeavors.com/utils/endpoints
2025-09-09 03:32:31,896 - ERROR - /home/computron/Documents/pythonTools/modules/abstract_ide/src/abstract_ide/consoles/apiTab/main.py - ✖ GET https://abstractendeavors.com/utils/endpoints — NetworkError.ContentNotFoundError: Error transferring https://abstractendeavors.com/utils/endpoints - server replied: 
2025-09-09 03:32:44,228 - INFO - /home/computron/Documents/pythonTools/modules/abstract_ide/src/abstract_ide/consoles/apiTab/main.py - → GET https://abstractendeavors.com/utils/endpoints
2025-09-09 03:32:44,249 - ERROR - /home/computron/Documents/pythonTools/modules/abstract_ide/src/abstract_ide/consoles/apiTab/main.py - ✖ GET https://abstractendeavors.com/utils/endpoints — NetworkError.ContentNotFoundError: Error transferring https://abstractendeavors.com/utils/endpoints - server replied: 
2025-09-09 03:32:46,170 - INFO - /home/computron/Documents/pythonTools/modules/abstract_ide/src/abstract_ide/consoles/apiTab/main.py - → GET https://abstractendeavors.com/utils/endpoints
2025-09-09 03:32:46,188 - ERROR - /home/computron/Documents/pythonTools/modules/abstract_ide/src/abstract_ide/consoles/apiTab/main.py - ✖ GET https://abstractendeavors.com/utils/endpoints — NetworkError.ContentNotFoundError: Error transferring https://abstractendeavors.com/utils/endpoints - server replied: 
2025-09-09 03:32:50,119 - INFO - /home/computron/Documents/pythonTools/modules/abstract_ide/src/abstract_ide/consoles/apiTab/main.py - → GET https://abstractendeavors.com/utils/endpoints
2025-09-09 03:32:50,142 - ERROR - /home/computron/Documents/pythonTools/modules/abstract_ide/src/abstract_ide/consoles/apiTab/main.py - ✖ GET https://abstractendeavors.com/utils/endpoints — NetworkError.ContentNotFoundError: Error transferring https://abstractendeavors.com/utils/endpoints - server replied: 
2025-09-09 03:32:50,823 - INFO - /home/computron/Documents/pythonTools/modules/abstract_ide/src/abstract_ide/consoles/apiTab/main.py - → GET https://abstractendeavors.com/utils/endpoints
2025-09-09 03:32:50,869 - ERROR - /home/computron/Documents/pythonTools/modules/abstract_ide/src/abstract_ide/consoles/apiTab/main.py - ✖ GET https://abstractendeavors.com/utils/endpoints — NetworkError.ContentNotFoundError: Error transferring https://abstractendeavors.com/utils/endpoints - server replied: 
2025-09-09 03:32:53,942 - INFO - /home/computron/Documents/pythonTools/modules/abstract_ide/src/abstract_ide/consoles/apiTab/main.py - → GET https://abstractendeavors.com/utils/endpoints
2025-09-09 03:32:53,999 - ERROR - /home/computron/Documents/pythonTools/modules/abstract_ide/src/abstract_ide/consoles/apiTab/main.py - ✖ GET https://abstractendeavors.com/utils/endpoints — NetworkError.ContentNotFoundError: Error transferring https://abstractendeavors.com/utils/endpoints - server replied: 
2025-09-09 03:32:54,163 - INFO - /home/computron/Documents/pythonTools/modules/abstract_ide/src/abstract_ide/consoles/apiTab/main.py - → GET https://abstractendeavors.com/utils/endpoints
2025-09-09 03:32:54,221 - ERROR - /home/computron/Documents/pythonTools/modules/abstract_ide/src/abstract_ide/consoles/apiTab/main.py - ✖ GET https://abstractendeavors.com/utils/endpoints — NetworkError.ContentNotFoundError: Error transferring https://abstractendeavors.com/utils/endpoints - server replied: 
2025-09-09 03:32:54,507 - INFO - /home/computron/Documents/pythonTools/modules/abstract_ide/src/abstract_ide/consoles/apiTab/main.py - → GET https://abstractendeavors.com/utils/endpoints
2025-09-09 03:32:54,537 - ERROR - /home/computron/Documents/pythonTools/modules/abstract_ide/src/abstract_ide/consoles/apiTab/main.py - ✖ GET https://abstractendeavors.com/utils/endpoints — NetworkError.ContentNotFoundError: Error transferring https://abstractendeavors.com/utils/endpoints - server replied: 
2025-09-09 03:32:58,367 - INFO - /home/computron/Documents/pythonTools/modules/abstract_ide/src/abstract_ide/consoles/apiTab/main.py - → GET https://abstractendeavors.com/utils/endpoints
2025-09-09 03:32:58,389 - ERROR - /home/computron/Documents/pythonTools/modules/abstract_ide/src/abstract_ide/consoles/apiTab/main.py - ✖ GET https://abstractendeavors.com/utils/endpoints — NetworkError.ContentNotFoundError: Error transferring https://abstractendeavors.com/utils/endpoints - server replied: 
2025-09-09 03:32:58,860 - INFO - /home/computron/Documents/pythonTools/modules/abstract_ide/src/abstract_ide/consoles/apiTab/main.py - → GET https://abstractendeavors.com/utils/endpoints
2025-09-09 03:32:58,910 - ERROR - /home/computron/Documents/pythonTools/modules/abstract_ide/src/abstract_ide/consoles/apiTab/main.py - ✖ GET https://abstractendeavors.com/utils/endpoints — NetworkError.ContentNotFoundError: Error transferring https://abstractendeavors.com/utils/endpoints - server replied: 
2025-09-09 03:32:59,047 - INFO - /home/computron/Documents/pythonTools/modules/abstract_ide/src/abstract_ide/consoles/apiTab/main.py - → GET https://abstractendeavors.com/utils/endpoints
2025-09-09 03:32:59,069 - ERROR - /home/computron/Documents/pythonTools/modules/abstract_ide/src/abstract_ide/consoles/apiTab/main.py - ✖ GET https://abstractendeavors.com/utils/endpoints — NetworkError.ContentNotFoundError: Error transferring https://abstractendeavors.com/utils/endpoints - server replied: 
2025-09-09 03:32:59,203 - INFO - /home/computron/Documents/pythonTools/modules/abstract_ide/src/abstract_ide/consoles/apiTab/main.py - → GET https://abstractendeavors.com/utils/endpoints
2025-09-09 03:32:59,223 - ERROR - /home/computron/Documents/pythonTools/modules/abstract_ide/src/abstract_ide/consoles/apiTab/main.py - ✖ GET https://abstractendeavors.com/utils/endpoints — NetworkError.ContentNotFoundError: Error transferring https://abstractendeavors.com/utils/endpoints - server replied: 
2025-09-09 03:32:59,368 - INFO - /home/computron/Documents/pythonTools/modules/abstract_ide/src/abstract_ide/consoles/apiTab/main.py - → GET https://abstractendeavors.com/utils/endpoints
2025-09-09 03:32:59,387 - ERROR - /home/computron/Documents/pythonTools/modules/abstract_ide/src/abstract_ide/consoles/apiTab/main.py - ✖ GET https://abstractendeavors.com/utils/endpoints — NetworkError.ContentNotFoundError: Error transferring https://abstractendeavors.com/utils/endpoints - server replied: 
2025-09-09 03:33:07,531 - INFO - /home/computron/Documents/pythonTools/modules/abstract_ide/src/abstract_ide/consoles/apiTab/main.py - → GET https://clownworld.biz/utils/endpoints
2025-09-09 03:33:07,610 - INFO - /home/computron/Documents/pythonTools/modules/abstract_ide/src/abstract_ide/consoles/apiTab/main.py - ✔ GET https://clownworld.biz/utils/endpoints
2025-09-09 03:33:15,218 - INFO - /home/computron/Documents/pythonTools/modules/abstract_ide/src/abstract_ide/consoles/apiTab/main.py - → GET https://clownworld.biz/utils/endpoints
2025-09-09 03:33:15,260 - INFO - /home/computron/Documents/pythonTools/modules/abstract_ide/src/abstract_ide/consoles/apiTab/main.py - ✔ GET https://clownworld.biz/utils/endpoints
2025-09-09 03:33:15,626 - INFO - /home/computron/Documents/pythonTools/modules/abstract_ide/src/abstract_ide/consoles/apiTab/main.py - → GET https://clownworld.biz/utils/endpoints
2025-09-09 03:33:15,640 - INFO - /home/computron/Documents/pythonTools/modules/abstract_ide/src/abstract_ide/consoles/apiTab/main.py - ✔ GET https://clownworld.biz/utils/endpoints
2025-09-09 03:33:15,810 - INFO - /home/computron/Documents/pythonTools/modules/abstract_ide/src/abstract_ide/consoles/apiTab/main.py - → GET https://clownworld.biz/utils/endpoints
2025-09-09 03:33:15,850 - INFO - /home/computron/Documents/pythonTools/modules/abstract_ide/src/abstract_ide/consoles/apiTab/main.py - ✔ GET https://clownworld.biz/utils/endpoints
2025-09-09 03:33:15,964 - INFO - /home/computron/Documents/pythonTools/modules/abstract_ide/src/abstract_ide/consoles/apiTab/main.py - → GET https://clownworld.biz/utils/endpoints
2025-09-09 03:33:15,986 - INFO - /home/computron/Documents/pythonTools/modules/abstract_ide/src/abstract_ide/consoles/apiTab/main.py - ✔ GET https://clownworld.biz/utils/endpoints
2025-09-09 03:33:16,132 - INFO - /home/computron/Documents/pythonTools/modules/abstract_ide/src/abstract_ide/consoles/apiTab/main.py - → GET https://clownworld.biz/utils/endpoints
2025-09-09 03:33:16,147 - INFO - /home/computron/Documents/pythonTools/modules/abstract_ide/src/abstract_ide/consoles/apiTab/main.py - ✔ GET https://clownworld.biz/utils/endpoints
2025-09-09 03:33:16,295 - INFO - /home/computron/Documents/pythonTools/modules/abstract_ide/src/abstract_ide/consoles/apiTab/main.py - → GET https://clownworld.biz/utils/endpoints
2025-09-09 03:33:16,311 - INFO - /home/computron/Documents/pythonTools/modules/abstract_ide/src/abstract_ide/consoles/apiTab/main.py - ✔ GET https://clownworld.biz/utils/endpoints
2025-09-09 03:33:16,465 - INFO - /home/computron/Documents/pythonTools/modules/abstract_ide/src/abstract_ide/consoles/apiTab/main.py - → GET https://clownworld.biz/utils/endpoints
2025-09-09 03:33:16,485 - INFO - /home/computron/Documents/pythonTools/modules/abstract_ide/src/abstract_ide/consoles/apiTab/main.py - ✔ GET https://clownworld.biz/utils/endpoints
2025-09-09 03:33:16,647 - INFO - /home/computron/Documents/pythonTools/modules/abstract_ide/src/abstract_ide/consoles/apiTab/main.py - → GET https://clownworld.biz/utils/endpoints
2025-09-09 03:33:16,704 - INFO - /home/computron/Documents/pythonTools/modules/abstract_ide/src/abstract_ide/consoles/apiTab/main.py - ✔ GET https://clownworld.biz/utils/endpoints
2025-09-09 03:33:16,951 - INFO - /home/computron/Documents/pythonTools/modules/abstract_ide/src/abstract_ide/consoles/apiTab/main.py - → GET https://clownworld.biz/utils/endpoints
2025-09-09 03:33:16,965 - INFO - /home/computron/Documents/pythonTools/modules/abstract_ide/src/abstract_ide/consoles/apiTab/main.py - ✔ GET https://clownworld.biz/utils/endpoints
